{"E:\\4learning-space\\2、typescript学习\\practice03\\cpay\\dist\\lib\\WxPayApi.js": {"path":"E:\\4learning-space\\2、typescript学习\\practice03\\cpay\\dist\\lib\\WxPayApi.js","statementMap":{"0":{"start":{"line":2,"column":16},"end":{"line":10,"column":1}},"1":{"start":{"line":3,"column":28},"end":{"line":3,"column":110}},"2":{"start":{"line":3,"column":91},"end":{"line":3,"column":106}},"3":{"start":{"line":4,"column":4},"end":{"line":9,"column":7}},"4":{"start":{"line":5,"column":36},"end":{"line":5,"column":97}},"5":{"start":{"line":5,"column":42},"end":{"line":5,"column":70}},"6":{"start":{"line":5,"column":85},"end":{"line":5,"column":95}},"7":{"start":{"line":6,"column":35},"end":{"line":6,"column":100}},"8":{"start":{"line":6,"column":41},"end":{"line":6,"column":73}},"9":{"start":{"line":6,"column":88},"end":{"line":6,"column":98}},"10":{"start":{"line":7,"column":32},"end":{"line":7,"column":116}},"11":{"start":{"line":8,"column":8},"end":{"line":8,"column":78}},"12":{"start":{"line":11,"column":0},"end":{"line":11,"column":62}},"13":{"start":{"line":12,"column":0},"end":{"line":12,"column":26}},"14":{"start":{"line":13,"column":20},"end":{"line":13,"column":39}},"15":{"start":{"line":14,"column":18},"end":{"line":14,"column":35}},"16":{"start":{"line":15,"column":19},"end":{"line":15,"column":38}},"17":{"start":{"line":16,"column":23},"end":{"line":16,"column":60}},"18":{"start":{"line":17,"column":19},"end":{"line":17,"column":47}},"19":{"start":{"line":18,"column":14},"end":{"line":18,"column":32}},"20":{"start":{"line":19,"column":12},"end":{"line":19,"column":36}},"21":{"start":{"line":20,"column":13},"end":{"line":20,"column":27}},"22":{"start":{"line":21,"column":20},"end":{"line":21,"column":38}},"23":{"start":{"line":22,"column":23},"end":{"line":22,"column":52}},"24":{"start":{"line":32,"column":8},"end":{"line":32,"column":77}},"25":{"start":{"line":39,"column":8},"end":{"line":39,"column":77}},"26":{"start":{"line":49,"column":8},"end":{"line":49,"column":102}},"27":{"start":{"line":52,"column":8},"end":{"line":61,"column":11}},"28":{"start":{"line":53,"column":31},"end":{"line":53,"column":72}},"29":{"start":{"line":53,"column":86},"end":{"line":59,"column":13}},"30":{"start":{"line":60,"column":12},"end":{"line":60,"column":56}},"31":{"start":{"line":74,"column":8},"end":{"line":127,"column":11}},"32":{"start":{"line":76,"column":22},"end":{"line":76,"column":66}},"33":{"start":{"line":78,"column":12},"end":{"line":89,"column":13}},"34":{"start":{"line":79,"column":16},"end":{"line":79,"column":70}},"35":{"start":{"line":81,"column":17},"end":{"line":89,"column":13}},"36":{"start":{"line":82,"column":16},"end":{"line":82,"column":62}},"37":{"start":{"line":84,"column":17},"end":{"line":89,"column":13}},"38":{"start":{"line":85,"column":16},"end":{"line":85,"column":67}},"39":{"start":{"line":87,"column":17},"end":{"line":89,"column":13}},"40":{"start":{"line":88,"column":16},"end":{"line":88,"column":68}},"41":{"start":{"line":91,"column":12},"end":{"line":93,"column":13}},"42":{"start":{"line":92,"column":16},"end":{"line":92,"column":96}},"43":{"start":{"line":94,"column":12},"end":{"line":96,"column":13}},"44":{"start":{"line":95,"column":16},"end":{"line":95,"column":104}},"45":{"start":{"line":98,"column":12},"end":{"line":100,"column":13}},"46":{"start":{"line":99,"column":16},"end":{"line":99,"column":93}},"47":{"start":{"line":101,"column":12},"end":{"line":101,"column":80}},"48":{"start":{"line":102,"column":12},"end":{"line":102,"column":81}},"49":{"start":{"line":103,"column":12},"end":{"line":103,"column":88}},"50":{"start":{"line":104,"column":12},"end":{"line":104,"column":68}},"51":{"start":{"line":105,"column":12},"end":{"line":105,"column":82}},"52":{"start":{"line":107,"column":12},"end":{"line":107,"column":59}},"53":{"start":{"line":108,"column":22},"end":{"line":108,"column":38}},"54":{"start":{"line":110,"column":12},"end":{"line":110,"column":104}},"55":{"start":{"line":111,"column":12},"end":{"line":111,"column":61}},"56":{"start":{"line":112,"column":22},"end":{"line":119,"column":14}},"57":{"start":{"line":120,"column":12},"end":{"line":120,"column":62}},"58":{"start":{"line":121,"column":12},"end":{"line":121,"column":41}},"59":{"start":{"line":122,"column":25},"end":{"line":122,"column":46}},"60":{"start":{"line":123,"column":12},"end":{"line":123,"column":38}},"61":{"start":{"line":125,"column":12},"end":{"line":125,"column":93}},"62":{"start":{"line":126,"column":12},"end":{"line":126,"column":26}},"63":{"start":{"line":138,"column":8},"end":{"line":170,"column":11}},"64":{"start":{"line":139,"column":22},"end":{"line":139,"column":64}},"65":{"start":{"line":139,"column":82},"end":{"line":139,"column":106}},"66":{"start":{"line":141,"column":12},"end":{"line":143,"column":13}},"67":{"start":{"line":142,"column":16},"end":{"line":142,"column":86}},"68":{"start":{"line":144,"column":12},"end":{"line":144,"column":81}},"69":{"start":{"line":145,"column":12},"end":{"line":145,"column":81}},"70":{"start":{"line":146,"column":12},"end":{"line":146,"column":72}},"71":{"start":{"line":147,"column":12},"end":{"line":147,"column":82}},"72":{"start":{"line":148,"column":12},"end":{"line":148,"column":59}},"73":{"start":{"line":149,"column":22},"end":{"line":149,"column":38}},"74":{"start":{"line":150,"column":12},"end":{"line":150,"column":50}},"75":{"start":{"line":151,"column":22},"end":{"line":158,"column":14}},"76":{"start":{"line":159,"column":12},"end":{"line":159,"column":51}},"77":{"start":{"line":160,"column":12},"end":{"line":160,"column":41}},"78":{"start":{"line":162,"column":25},"end":{"line":162,"column":46}},"79":{"start":{"line":163,"column":12},"end":{"line":163,"column":38}},"80":{"start":{"line":164,"column":12},"end":{"line":164,"column":40}},"81":{"start":{"line":165,"column":12},"end":{"line":165,"column":75}},"82":{"start":{"line":166,"column":12},"end":{"line":166,"column":66}},"83":{"start":{"line":167,"column":12},"end":{"line":167,"column":75}},"84":{"start":{"line":168,"column":12},"end":{"line":168,"column":69}},"85":{"start":{"line":169,"column":12},"end":{"line":169,"column":33}},"86":{"start":{"line":180,"column":8},"end":{"line":211,"column":11}},"87":{"start":{"line":181,"column":22},"end":{"line":181,"column":64}},"88":{"start":{"line":181,"column":82},"end":{"line":181,"column":106}},"89":{"start":{"line":183,"column":12},"end":{"line":185,"column":13}},"90":{"start":{"line":184,"column":16},"end":{"line":184,"column":68}},"91":{"start":{"line":186,"column":12},"end":{"line":186,"column":80}},"92":{"start":{"line":187,"column":12},"end":{"line":187,"column":81}},"93":{"start":{"line":188,"column":12},"end":{"line":188,"column":72}},"94":{"start":{"line":189,"column":12},"end":{"line":189,"column":82}},"95":{"start":{"line":190,"column":12},"end":{"line":190,"column":59}},"96":{"start":{"line":191,"column":22},"end":{"line":191,"column":38}},"97":{"start":{"line":192,"column":12},"end":{"line":192,"column":50}},"98":{"start":{"line":193,"column":22},"end":{"line":200,"column":14}},"99":{"start":{"line":201,"column":12},"end":{"line":201,"column":51}},"100":{"start":{"line":202,"column":12},"end":{"line":202,"column":41}},"101":{"start":{"line":203,"column":25},"end":{"line":203,"column":46}},"102":{"start":{"line":204,"column":12},"end":{"line":204,"column":38}},"103":{"start":{"line":205,"column":12},"end":{"line":205,"column":40}},"104":{"start":{"line":206,"column":12},"end":{"line":206,"column":75}},"105":{"start":{"line":207,"column":12},"end":{"line":207,"column":66}},"106":{"start":{"line":208,"column":12},"end":{"line":208,"column":75}},"107":{"start":{"line":209,"column":12},"end":{"line":209,"column":69}},"108":{"start":{"line":210,"column":12},"end":{"line":210,"column":33}},"109":{"start":{"line":222,"column":8},"end":{"line":267,"column":11}},"110":{"start":{"line":223,"column":22},"end":{"line":223,"column":60}},"111":{"start":{"line":223,"column":78},"end":{"line":223,"column":102}},"112":{"start":{"line":225,"column":12},"end":{"line":239,"column":13}},"113":{"start":{"line":226,"column":16},"end":{"line":226,"column":86}},"114":{"start":{"line":228,"column":17},"end":{"line":239,"column":13}},"115":{"start":{"line":229,"column":16},"end":{"line":229,"column":73}},"116":{"start":{"line":231,"column":17},"end":{"line":239,"column":13}},"117":{"start":{"line":232,"column":16},"end":{"line":232,"column":69}},"118":{"start":{"line":234,"column":17},"end":{"line":239,"column":13}},"119":{"start":{"line":235,"column":16},"end":{"line":235,"column":70}},"120":{"start":{"line":237,"column":17},"end":{"line":239,"column":13}},"121":{"start":{"line":238,"column":16},"end":{"line":238,"column":70}},"122":{"start":{"line":240,"column":12},"end":{"line":240,"column":80}},"123":{"start":{"line":241,"column":12},"end":{"line":241,"column":81}},"124":{"start":{"line":242,"column":12},"end":{"line":242,"column":72}},"125":{"start":{"line":243,"column":12},"end":{"line":243,"column":82}},"126":{"start":{"line":244,"column":12},"end":{"line":244,"column":59}},"127":{"start":{"line":245,"column":22},"end":{"line":245,"column":38}},"128":{"start":{"line":246,"column":12},"end":{"line":246,"column":50}},"129":{"start":{"line":247,"column":22},"end":{"line":256,"column":14}},"130":{"start":{"line":257,"column":12},"end":{"line":257,"column":51}},"131":{"start":{"line":258,"column":12},"end":{"line":258,"column":41}},"132":{"start":{"line":259,"column":25},"end":{"line":259,"column":46}},"133":{"start":{"line":260,"column":12},"end":{"line":260,"column":38}},"134":{"start":{"line":261,"column":12},"end":{"line":261,"column":40}},"135":{"start":{"line":262,"column":12},"end":{"line":262,"column":75}},"136":{"start":{"line":263,"column":12},"end":{"line":263,"column":66}},"137":{"start":{"line":264,"column":12},"end":{"line":264,"column":75}},"138":{"start":{"line":265,"column":12},"end":{"line":265,"column":69}},"139":{"start":{"line":266,"column":12},"end":{"line":266,"column":33}},"140":{"start":{"line":277,"column":8},"end":{"line":309,"column":11}},"141":{"start":{"line":278,"column":22},"end":{"line":278,"column":65}},"142":{"start":{"line":278,"column":83},"end":{"line":278,"column":107}},"143":{"start":{"line":280,"column":12},"end":{"line":283,"column":13}},"144":{"start":{"line":282,"column":16},"end":{"line":282,"column":113}},"145":{"start":{"line":284,"column":12},"end":{"line":284,"column":80}},"146":{"start":{"line":285,"column":12},"end":{"line":285,"column":81}},"147":{"start":{"line":286,"column":12},"end":{"line":286,"column":72}},"148":{"start":{"line":287,"column":12},"end":{"line":287,"column":82}},"149":{"start":{"line":288,"column":12},"end":{"line":288,"column":59}},"150":{"start":{"line":289,"column":22},"end":{"line":289,"column":38}},"151":{"start":{"line":290,"column":12},"end":{"line":290,"column":50}},"152":{"start":{"line":291,"column":22},"end":{"line":298,"column":14}},"153":{"start":{"line":299,"column":12},"end":{"line":299,"column":51}},"154":{"start":{"line":300,"column":12},"end":{"line":300,"column":41}},"155":{"start":{"line":301,"column":25},"end":{"line":301,"column":46}},"156":{"start":{"line":302,"column":12},"end":{"line":302,"column":38}},"157":{"start":{"line":303,"column":12},"end":{"line":303,"column":40}},"158":{"start":{"line":304,"column":12},"end":{"line":304,"column":75}},"159":{"start":{"line":305,"column":12},"end":{"line":305,"column":66}},"160":{"start":{"line":306,"column":12},"end":{"line":306,"column":75}},"161":{"start":{"line":307,"column":12},"end":{"line":307,"column":69}},"162":{"start":{"line":308,"column":12},"end":{"line":308,"column":33}},"163":{"start":{"line":316,"column":8},"end":{"line":347,"column":11}},"164":{"start":{"line":317,"column":22},"end":{"line":317,"column":62}},"165":{"start":{"line":317,"column":80},"end":{"line":317,"column":104}},"166":{"start":{"line":319,"column":12},"end":{"line":321,"column":13}},"167":{"start":{"line":320,"column":16},"end":{"line":320,"column":74}},"168":{"start":{"line":322,"column":12},"end":{"line":322,"column":80}},"169":{"start":{"line":323,"column":12},"end":{"line":323,"column":81}},"170":{"start":{"line":324,"column":12},"end":{"line":324,"column":72}},"171":{"start":{"line":325,"column":12},"end":{"line":325,"column":82}},"172":{"start":{"line":326,"column":12},"end":{"line":326,"column":59}},"173":{"start":{"line":327,"column":22},"end":{"line":327,"column":38}},"174":{"start":{"line":328,"column":12},"end":{"line":328,"column":49}},"175":{"start":{"line":329,"column":22},"end":{"line":336,"column":14}},"176":{"start":{"line":337,"column":12},"end":{"line":337,"column":50}},"177":{"start":{"line":338,"column":12},"end":{"line":338,"column":41}},"178":{"start":{"line":339,"column":25},"end":{"line":339,"column":46}},"179":{"start":{"line":340,"column":12},"end":{"line":340,"column":38}},"180":{"start":{"line":341,"column":12},"end":{"line":341,"column":40}},"181":{"start":{"line":342,"column":12},"end":{"line":342,"column":75}},"182":{"start":{"line":343,"column":12},"end":{"line":343,"column":66}},"183":{"start":{"line":344,"column":12},"end":{"line":344,"column":75}},"184":{"start":{"line":345,"column":12},"end":{"line":345,"column":69}},"185":{"start":{"line":346,"column":12},"end":{"line":346,"column":33}},"186":{"start":{"line":358,"column":8},"end":{"line":395,"column":11}},"187":{"start":{"line":359,"column":22},"end":{"line":359,"column":62}},"188":{"start":{"line":359,"column":80},"end":{"line":359,"column":104}},"189":{"start":{"line":361,"column":12},"end":{"line":372,"column":13}},"190":{"start":{"line":362,"column":16},"end":{"line":362,"column":69}},"191":{"start":{"line":364,"column":17},"end":{"line":372,"column":13}},"192":{"start":{"line":365,"column":16},"end":{"line":365,"column":77}},"193":{"start":{"line":367,"column":17},"end":{"line":372,"column":13}},"194":{"start":{"line":368,"column":16},"end":{"line":368,"column":74}},"195":{"start":{"line":370,"column":17},"end":{"line":372,"column":13}},"196":{"start":{"line":371,"column":16},"end":{"line":371,"column":74}},"197":{"start":{"line":373,"column":12},"end":{"line":373,"column":88}},"198":{"start":{"line":374,"column":12},"end":{"line":374,"column":80}},"199":{"start":{"line":375,"column":12},"end":{"line":375,"column":81}},"200":{"start":{"line":376,"column":12},"end":{"line":376,"column":71}},"201":{"start":{"line":377,"column":12},"end":{"line":377,"column":82}},"202":{"start":{"line":378,"column":12},"end":{"line":378,"column":59}},"203":{"start":{"line":379,"column":22},"end":{"line":379,"column":38}},"204":{"start":{"line":380,"column":12},"end":{"line":380,"column":51}},"205":{"start":{"line":381,"column":22},"end":{"line":388,"column":14}},"206":{"start":{"line":389,"column":12},"end":{"line":389,"column":52}},"207":{"start":{"line":390,"column":12},"end":{"line":390,"column":41}},"208":{"start":{"line":391,"column":25},"end":{"line":391,"column":46}},"209":{"start":{"line":392,"column":12},"end":{"line":392,"column":38}},"210":{"start":{"line":393,"column":12},"end":{"line":393,"column":49}},"211":{"start":{"line":394,"column":12},"end":{"line":394,"column":33}},"212":{"start":{"line":405,"column":8},"end":{"line":433,"column":11}},"213":{"start":{"line":406,"column":22},"end":{"line":406,"column":61}},"214":{"start":{"line":406,"column":79},"end":{"line":406,"column":103}},"215":{"start":{"line":408,"column":12},"end":{"line":410,"column":13}},"216":{"start":{"line":409,"column":16},"end":{"line":409,"column":92}},"217":{"start":{"line":411,"column":12},"end":{"line":411,"column":80}},"218":{"start":{"line":412,"column":12},"end":{"line":412,"column":81}},"219":{"start":{"line":413,"column":12},"end":{"line":413,"column":71}},"220":{"start":{"line":414,"column":12},"end":{"line":414,"column":82}},"221":{"start":{"line":415,"column":12},"end":{"line":415,"column":59}},"222":{"start":{"line":416,"column":22},"end":{"line":416,"column":38}},"223":{"start":{"line":417,"column":12},"end":{"line":417,"column":50}},"224":{"start":{"line":418,"column":22},"end":{"line":427,"column":14}},"225":{"start":{"line":428,"column":12},"end":{"line":428,"column":51}},"226":{"start":{"line":429,"column":25},"end":{"line":429,"column":46}},"227":{"start":{"line":430,"column":12},"end":{"line":430,"column":38}},"228":{"start":{"line":431,"column":12},"end":{"line":431,"column":49}},"229":{"start":{"line":432,"column":12},"end":{"line":432,"column":33}},"230":{"start":{"line":436,"column":21},"end":{"line":436,"column":45}},"231":{"start":{"line":437,"column":8},"end":{"line":437,"column":28}},"232":{"start":{"line":438,"column":8},"end":{"line":438,"column":59}},"233":{"start":{"line":439,"column":8},"end":{"line":439,"column":50}},"234":{"start":{"line":440,"column":8},"end":{"line":440,"column":59}},"235":{"start":{"line":441,"column":8},"end":{"line":441,"column":53}},"236":{"start":{"line":442,"column":8},"end":{"line":442,"column":22}},"237":{"start":{"line":445,"column":0},"end":{"line":445,"column":28}}},"fnMap":{"0":{"name":"(anonymous_0)","decl":{"start":{"line":2,"column":44},"end":{"line":2,"column":45}},"loc":{"start":{"line":2,"column":89},"end":{"line":10,"column":1}},"line":2},"1":{"name":"adopt","decl":{"start":{"line":3,"column":13},"end":{"line":3,"column":18}},"loc":{"start":{"line":3,"column":26},"end":{"line":3,"column":112}},"line":3},"2":{"name":"(anonymous_2)","decl":{"start":{"line":3,"column":70},"end":{"line":3,"column":71}},"loc":{"start":{"line":3,"column":89},"end":{"line":3,"column":108}},"line":3},"3":{"name":"(anonymous_3)","decl":{"start":{"line":4,"column":36},"end":{"line":4,"column":37}},"loc":{"start":{"line":4,"column":63},"end":{"line":9,"column":5}},"line":4},"4":{"name":"fulfilled","decl":{"start":{"line":5,"column":17},"end":{"line":5,"column":26}},"loc":{"start":{"line":5,"column":34},"end":{"line":5,"column":99}},"line":5},"5":{"name":"rejected","decl":{"start":{"line":6,"column":17},"end":{"line":6,"column":25}},"loc":{"start":{"line":6,"column":33},"end":{"line":6,"column":102}},"line":6},"6":{"name":"step","decl":{"start":{"line":7,"column":17},"end":{"line":7,"column":21}},"loc":{"start":{"line":7,"column":30},"end":{"line":7,"column":118}},"line":7},"7":{"name":"(anonymous_7)","decl":{"start":{"line":31,"column":4},"end":{"line":31,"column":5}},"loc":{"start":{"line":31,"column":31},"end":{"line":33,"column":5}},"line":31},"8":{"name":"(anonymous_8)","decl":{"start":{"line":38,"column":4},"end":{"line":38,"column":5}},"loc":{"start":{"line":38,"column":30},"end":{"line":40,"column":5}},"line":38},"9":{"name":"(anonymous_9)","decl":{"start":{"line":48,"column":4},"end":{"line":48,"column":5}},"loc":{"start":{"line":48,"column":32},"end":{"line":50,"column":5}},"line":48},"10":{"name":"(anonymous_10)","decl":{"start":{"line":51,"column":4},"end":{"line":51,"column":5}},"loc":{"start":{"line":51,"column":46},"end":{"line":62,"column":5}},"line":51},"11":{"name":"(anonymous_11)","decl":{"start":{"line":52,"column":47},"end":{"line":52,"column":48}},"loc":{"start":{"line":52,"column":60},"end":{"line":61,"column":9}},"line":52},"12":{"name":"(anonymous_12)","decl":{"start":{"line":73,"column":4},"end":{"line":73,"column":5}},"loc":{"start":{"line":73,"column":34},"end":{"line":128,"column":5}},"line":73},"13":{"name":"(anonymous_13)","decl":{"start":{"line":74,"column":47},"end":{"line":74,"column":48}},"loc":{"start":{"line":74,"column":60},"end":{"line":127,"column":9}},"line":74},"14":{"name":"(anonymous_14)","decl":{"start":{"line":137,"column":4},"end":{"line":137,"column":5}},"loc":{"start":{"line":137,"column":32},"end":{"line":171,"column":5}},"line":137},"15":{"name":"(anonymous_15)","decl":{"start":{"line":138,"column":47},"end":{"line":138,"column":48}},"loc":{"start":{"line":138,"column":60},"end":{"line":170,"column":9}},"line":138},"16":{"name":"(anonymous_16)","decl":{"start":{"line":179,"column":4},"end":{"line":179,"column":5}},"loc":{"start":{"line":179,"column":32},"end":{"line":212,"column":5}},"line":179},"17":{"name":"(anonymous_17)","decl":{"start":{"line":180,"column":47},"end":{"line":180,"column":48}},"loc":{"start":{"line":180,"column":60},"end":{"line":211,"column":9}},"line":180},"18":{"name":"(anonymous_18)","decl":{"start":{"line":221,"column":4},"end":{"line":221,"column":5}},"loc":{"start":{"line":221,"column":28},"end":{"line":268,"column":5}},"line":221},"19":{"name":"(anonymous_19)","decl":{"start":{"line":222,"column":47},"end":{"line":222,"column":48}},"loc":{"start":{"line":222,"column":60},"end":{"line":267,"column":9}},"line":222},"20":{"name":"(anonymous_20)","decl":{"start":{"line":276,"column":4},"end":{"line":276,"column":5}},"loc":{"start":{"line":276,"column":33},"end":{"line":310,"column":5}},"line":276},"21":{"name":"(anonymous_21)","decl":{"start":{"line":277,"column":47},"end":{"line":277,"column":48}},"loc":{"start":{"line":277,"column":60},"end":{"line":309,"column":9}},"line":277},"22":{"name":"(anonymous_22)","decl":{"start":{"line":315,"column":4},"end":{"line":315,"column":5}},"loc":{"start":{"line":315,"column":30},"end":{"line":348,"column":5}},"line":315},"23":{"name":"(anonymous_23)","decl":{"start":{"line":316,"column":47},"end":{"line":316,"column":48}},"loc":{"start":{"line":316,"column":60},"end":{"line":347,"column":9}},"line":316},"24":{"name":"(anonymous_24)","decl":{"start":{"line":357,"column":4},"end":{"line":357,"column":5}},"loc":{"start":{"line":357,"column":30},"end":{"line":396,"column":5}},"line":357},"25":{"name":"(anonymous_25)","decl":{"start":{"line":358,"column":47},"end":{"line":358,"column":48}},"loc":{"start":{"line":358,"column":60},"end":{"line":395,"column":9}},"line":358},"26":{"name":"(anonymous_26)","decl":{"start":{"line":404,"column":4},"end":{"line":404,"column":5}},"loc":{"start":{"line":404,"column":29},"end":{"line":434,"column":5}},"line":404},"27":{"name":"(anonymous_27)","decl":{"start":{"line":405,"column":47},"end":{"line":405,"column":48}},"loc":{"start":{"line":405,"column":60},"end":{"line":433,"column":9}},"line":405},"28":{"name":"(anonymous_28)","decl":{"start":{"line":435,"column":4},"end":{"line":435,"column":5}},"loc":{"start":{"line":435,"column":26},"end":{"line":443,"column":5}},"line":435}},"branchMap":{"0":{"loc":{"start":{"line":2,"column":16},"end":{"line":10,"column":1}},"type":"binary-expr","locations":[{"start":{"line":2,"column":17},"end":{"line":2,"column":21}},{"start":{"line":2,"column":25},"end":{"line":2,"column":39}},{"start":{"line":2,"column":44},"end":{"line":10,"column":1}}],"line":2},"1":{"loc":{"start":{"line":3,"column":35},"end":{"line":3,"column":109}},"type":"cond-expr","locations":[{"start":{"line":3,"column":56},"end":{"line":3,"column":61}},{"start":{"line":3,"column":64},"end":{"line":3,"column":109}}],"line":3},"2":{"loc":{"start":{"line":4,"column":16},"end":{"line":4,"column":34}},"type":"binary-expr","locations":[{"start":{"line":4,"column":16},"end":{"line":4,"column":17}},{"start":{"line":4,"column":22},"end":{"line":4,"column":33}}],"line":4},"3":{"loc":{"start":{"line":7,"column":32},"end":{"line":7,"column":115}},"type":"cond-expr","locations":[{"start":{"line":7,"column":46},"end":{"line":7,"column":67}},{"start":{"line":7,"column":70},"end":{"line":7,"column":115}}],"line":7},"4":{"loc":{"start":{"line":8,"column":51},"end":{"line":8,"column":67}},"type":"binary-expr","locations":[{"start":{"line":8,"column":51},"end":{"line":8,"column":61}},{"start":{"line":8,"column":65},"end":{"line":8,"column":67}}],"line":8},"5":{"loc":{"start":{"line":51,"column":35},"end":{"line":51,"column":44}},"type":"default-arg","locations":[{"start":{"line":51,"column":43},"end":{"line":51,"column":44}}],"line":51},"6":{"loc":{"start":{"line":78,"column":12},"end":{"line":89,"column":13}},"type":"if","locations":[{"start":{"line":78,"column":12},"end":{"line":89,"column":13}},{"start":{"line":78,"column":12},"end":{"line":89,"column":13}}],"line":78},"7":{"loc":{"start":{"line":81,"column":17},"end":{"line":89,"column":13}},"type":"if","locations":[{"start":{"line":81,"column":17},"end":{"line":89,"column":13}},{"start":{"line":81,"column":17},"end":{"line":89,"column":13}}],"line":81},"8":{"loc":{"start":{"line":84,"column":17},"end":{"line":89,"column":13}},"type":"if","locations":[{"start":{"line":84,"column":17},"end":{"line":89,"column":13}},{"start":{"line":84,"column":17},"end":{"line":89,"column":13}}],"line":84},"9":{"loc":{"start":{"line":87,"column":17},"end":{"line":89,"column":13}},"type":"if","locations":[{"start":{"line":87,"column":17},"end":{"line":89,"column":13}},{"start":{"line":87,"column":17},"end":{"line":89,"column":13}}],"line":87},"10":{"loc":{"start":{"line":91,"column":12},"end":{"line":93,"column":13}},"type":"if","locations":[{"start":{"line":91,"column":12},"end":{"line":93,"column":13}},{"start":{"line":91,"column":12},"end":{"line":93,"column":13}}],"line":91},"11":{"loc":{"start":{"line":91,"column":16},"end":{"line":91,"column":133}},"type":"binary-expr","locations":[{"start":{"line":91,"column":16},"end":{"line":91,"column":104}},{"start":{"line":91,"column":108},"end":{"line":91,"column":133}}],"line":91},"12":{"loc":{"start":{"line":94,"column":12},"end":{"line":96,"column":13}},"type":"if","locations":[{"start":{"line":94,"column":12},"end":{"line":96,"column":13}},{"start":{"line":94,"column":12},"end":{"line":96,"column":13}}],"line":94},"13":{"loc":{"start":{"line":94,"column":16},"end":{"line":94,"column":138}},"type":"binary-expr","locations":[{"start":{"line":94,"column":16},"end":{"line":94,"column":105}},{"start":{"line":94,"column":109},"end":{"line":94,"column":138}}],"line":94},"14":{"loc":{"start":{"line":98,"column":12},"end":{"line":100,"column":13}},"type":"if","locations":[{"start":{"line":98,"column":12},"end":{"line":100,"column":13}},{"start":{"line":98,"column":12},"end":{"line":100,"column":13}}],"line":98},"15":{"loc":{"start":{"line":141,"column":12},"end":{"line":143,"column":13}},"type":"if","locations":[{"start":{"line":141,"column":12},"end":{"line":143,"column":13}},{"start":{"line":141,"column":12},"end":{"line":143,"column":13}}],"line":141},"16":{"loc":{"start":{"line":141,"column":16},"end":{"line":141,"column":84}},"type":"binary-expr","locations":[{"start":{"line":141,"column":16},"end":{"line":141,"column":47}},{"start":{"line":141,"column":51},"end":{"line":141,"column":84}}],"line":141},"17":{"loc":{"start":{"line":183,"column":12},"end":{"line":185,"column":13}},"type":"if","locations":[{"start":{"line":183,"column":12},"end":{"line":185,"column":13}},{"start":{"line":183,"column":12},"end":{"line":185,"column":13}}],"line":183},"18":{"loc":{"start":{"line":225,"column":12},"end":{"line":239,"column":13}},"type":"if","locations":[{"start":{"line":225,"column":12},"end":{"line":239,"column":13}},{"start":{"line":225,"column":12},"end":{"line":239,"column":13}}],"line":225},"19":{"loc":{"start":{"line":225,"column":16},"end":{"line":225,"column":84}},"type":"binary-expr","locations":[{"start":{"line":225,"column":16},"end":{"line":225,"column":47}},{"start":{"line":225,"column":51},"end":{"line":225,"column":84}}],"line":225},"20":{"loc":{"start":{"line":228,"column":17},"end":{"line":239,"column":13}},"type":"if","locations":[{"start":{"line":228,"column":17},"end":{"line":239,"column":13}},{"start":{"line":228,"column":17},"end":{"line":239,"column":13}}],"line":228},"21":{"loc":{"start":{"line":231,"column":17},"end":{"line":239,"column":13}},"type":"if","locations":[{"start":{"line":231,"column":17},"end":{"line":239,"column":13}},{"start":{"line":231,"column":17},"end":{"line":239,"column":13}}],"line":231},"22":{"loc":{"start":{"line":234,"column":17},"end":{"line":239,"column":13}},"type":"if","locations":[{"start":{"line":234,"column":17},"end":{"line":239,"column":13}},{"start":{"line":234,"column":17},"end":{"line":239,"column":13}}],"line":234},"23":{"loc":{"start":{"line":237,"column":17},"end":{"line":239,"column":13}},"type":"if","locations":[{"start":{"line":237,"column":17},"end":{"line":239,"column":13}},{"start":{"line":237,"column":17},"end":{"line":239,"column":13}}],"line":237},"24":{"loc":{"start":{"line":280,"column":12},"end":{"line":283,"column":13}},"type":"if","locations":[{"start":{"line":280,"column":12},"end":{"line":283,"column":13}},{"start":{"line":280,"column":12},"end":{"line":283,"column":13}}],"line":280},"25":{"loc":{"start":{"line":280,"column":16},"end":{"line":281,"column":81}},"type":"binary-expr","locations":[{"start":{"line":280,"column":16},"end":{"line":280,"column":48}},{"start":{"line":280,"column":52},"end":{"line":280,"column":83}},{"start":{"line":281,"column":16},"end":{"line":281,"column":49}},{"start":{"line":281,"column":53},"end":{"line":281,"column":81}}],"line":280},"26":{"loc":{"start":{"line":319,"column":12},"end":{"line":321,"column":13}},"type":"if","locations":[{"start":{"line":319,"column":12},"end":{"line":321,"column":13}},{"start":{"line":319,"column":12},"end":{"line":321,"column":13}}],"line":319},"27":{"loc":{"start":{"line":361,"column":12},"end":{"line":372,"column":13}},"type":"if","locations":[{"start":{"line":361,"column":12},"end":{"line":372,"column":13}},{"start":{"line":361,"column":12},"end":{"line":372,"column":13}}],"line":361},"28":{"loc":{"start":{"line":364,"column":17},"end":{"line":372,"column":13}},"type":"if","locations":[{"start":{"line":364,"column":17},"end":{"line":372,"column":13}},{"start":{"line":364,"column":17},"end":{"line":372,"column":13}}],"line":364},"29":{"loc":{"start":{"line":367,"column":17},"end":{"line":372,"column":13}},"type":"if","locations":[{"start":{"line":367,"column":17},"end":{"line":372,"column":13}},{"start":{"line":367,"column":17},"end":{"line":372,"column":13}}],"line":367},"30":{"loc":{"start":{"line":370,"column":17},"end":{"line":372,"column":13}},"type":"if","locations":[{"start":{"line":370,"column":17},"end":{"line":372,"column":13}},{"start":{"line":370,"column":17},"end":{"line":372,"column":13}}],"line":370},"31":{"loc":{"start":{"line":408,"column":12},"end":{"line":410,"column":13}},"type":"if","locations":[{"start":{"line":408,"column":12},"end":{"line":410,"column":13}},{"start":{"line":408,"column":12},"end":{"line":410,"column":13}}],"line":408},"32":{"loc":{"start":{"line":408,"column":16},"end":{"line":408,"column":84}},"type":"binary-expr","locations":[{"start":{"line":408,"column":16},"end":{"line":408,"column":47}},{"start":{"line":408,"column":51},"end":{"line":408,"column":84}}],"line":408}},"s":{"0":1,"1":0,"2":0,"3":0,"4":0,"5":0,"6":0,"7":0,"8":0,"9":0,"10":0,"11":0,"12":1,"13":1,"14":1,"15":1,"16":1,"17":1,"18":1,"19":1,"20":1,"21":1,"22":1,"23":1,"24":0,"25":0,"26":0,"27":0,"28":0,"29":0,"30":0,"31":0,"32":0,"33":0,"34":0,"35":0,"36":0,"37":0,"38":0,"39":0,"40":0,"41":0,"42":0,"43":0,"44":0,"45":0,"46":0,"47":0,"48":0,"49":0,"50":0,"51":0,"52":0,"53":0,"54":0,"55":0,"56":0,"57":0,"58":0,"59":0,"60":0,"61":0,"62":0,"63":0,"64":0,"65":0,"66":0,"67":0,"68":0,"69":0,"70":0,"71":0,"72":0,"73":0,"74":0,"75":0,"76":0,"77":0,"78":0,"79":0,"80":0,"81":0,"82":0,"83":0,"84":0,"85":0,"86":0,"87":0,"88":0,"89":0,"90":0,"91":0,"92":0,"93":0,"94":0,"95":0,"96":0,"97":0,"98":0,"99":0,"100":0,"101":0,"102":0,"103":0,"104":0,"105":0,"106":0,"107":0,"108":0,"109":0,"110":0,"111":0,"112":0,"113":0,"114":0,"115":0,"116":0,"117":0,"118":0,"119":0,"120":0,"121":0,"122":0,"123":0,"124":0,"125":0,"126":0,"127":0,"128":0,"129":0,"130":0,"131":0,"132":0,"133":0,"134":0,"135":0,"136":0,"137":0,"138":0,"139":0,"140":0,"141":0,"142":0,"143":0,"144":0,"145":0,"146":0,"147":0,"148":0,"149":0,"150":0,"151":0,"152":0,"153":0,"154":0,"155":0,"156":0,"157":0,"158":0,"159":0,"160":0,"161":0,"162":0,"163":0,"164":0,"165":0,"166":0,"167":0,"168":0,"169":0,"170":0,"171":0,"172":0,"173":0,"174":0,"175":0,"176":0,"177":0,"178":0,"179":0,"180":0,"181":0,"182":0,"183":0,"184":0,"185":0,"186":0,"187":0,"188":0,"189":0,"190":0,"191":0,"192":0,"193":0,"194":0,"195":0,"196":0,"197":0,"198":0,"199":0,"200":0,"201":0,"202":0,"203":0,"204":0,"205":0,"206":0,"207":0,"208":0,"209":0,"210":0,"211":0,"212":0,"213":0,"214":0,"215":0,"216":0,"217":0,"218":0,"219":0,"220":0,"221":0,"222":0,"223":0,"224":0,"225":0,"226":0,"227":0,"228":0,"229":0,"230":0,"231":0,"232":0,"233":0,"234":0,"235":0,"236":0,"237":1},"f":{"0":0,"1":0,"2":0,"3":0,"4":0,"5":0,"6":0,"7":0,"8":0,"9":0,"10":0,"11":0,"12":0,"13":0,"14":0,"15":0,"16":0,"17":0,"18":0,"19":0,"20":0,"21":0,"22":0,"23":0,"24":0,"25":0,"26":0,"27":0,"28":0},"b":{"0":[1,1,1],"1":[0,0],"2":[0,0],"3":[0,0],"4":[0,0],"5":[0],"6":[0,0],"7":[0,0],"8":[0,0],"9":[0,0],"10":[0,0],"11":[0,0],"12":[0,0],"13":[0,0],"14":[0,0],"15":[0,0],"16":[0,0],"17":[0,0],"18":[0,0],"19":[0,0],"20":[0,0],"21":[0,0],"22":[0,0],"23":[0,0],"24":[0,0],"25":[0,0,0,0],"26":[0,0],"27":[0,0],"28":[0,0],"29":[0,0],"30":[0,0],"31":[0,0],"32":[0,0]},"_coverageSchema":"1a1c01bbd47fc00a2c39e90264f33305004495a9","hash":"89736aa84f1f52c593c1f45ea68a42b6fdcc6a05","contentHash":"db70640eb37305db6f12883020751648e920758959fb94641fc132bea4defa6c"}
,"E:\\4learning-space\\2、typescript学习\\practice03\\cpay\\dist\\lib\\index.js": {"path":"E:\\4learning-space\\2、typescript学习\\practice03\\cpay\\dist\\lib\\index.js","statementMap":{"0":{"start":{"line":2,"column":0},"end":{"line":2,"column":62}},"1":{"start":{"line":3,"column":14},"end":{"line":3,"column":32}},"2":{"start":{"line":4,"column":19},"end":{"line":4,"column":50}},"3":{"start":{"line":5,"column":20},"end":{"line":5,"column":52}},"4":{"start":{"line":6,"column":16},"end":{"line":6,"column":44}},"5":{"start":{"line":7,"column":17},"end":{"line":7,"column":46}},"6":{"start":{"line":8,"column":17},"end":{"line":8,"column":46}},"7":{"start":{"line":9,"column":19},"end":{"line":9,"column":50}},"8":{"start":{"line":10,"column":15},"end":{"line":10,"column":34}},"9":{"start":{"line":11,"column":15},"end":{"line":11,"column":34}},"10":{"start":{"line":12,"column":19},"end":{"line":12,"column":40}},"11":{"start":{"line":13,"column":13},"end":{"line":24,"column":1}},"12":{"start":{"line":25,"column":0},"end":{"line":25,"column":23}}},"fnMap":{},"branchMap":{},"s":{"0":1,"1":1,"2":1,"3":1,"4":1,"5":1,"6":1,"7":1,"8":1,"9":1,"10":1,"11":1,"12":1},"f":{},"b":{},"_coverageSchema":"1a1c01bbd47fc00a2c39e90264f33305004495a9","hash":"d9b7f28834238dec3c82d97521762971796c0e99","contentHash":"3eb3e2e4e6e7e5383c6db42d2959b39dc537354787dada25e0f192c28ca60bf1"}
,"E:\\4learning-space\\2、typescript学习\\practice03\\cpay\\dist\\lib\\wxPayApi.js": {"path":"E:\\4learning-space\\2、typescript学习\\practice03\\cpay\\dist\\lib\\wxPayApi.js","statementMap":{"0":{"start":{"line":2,"column":16},"end":{"line":10,"column":1}},"1":{"start":{"line":3,"column":28},"end":{"line":3,"column":110}},"2":{"start":{"line":3,"column":91},"end":{"line":3,"column":106}},"3":{"start":{"line":4,"column":4},"end":{"line":9,"column":7}},"4":{"start":{"line":5,"column":36},"end":{"line":5,"column":97}},"5":{"start":{"line":5,"column":42},"end":{"line":5,"column":70}},"6":{"start":{"line":5,"column":85},"end":{"line":5,"column":95}},"7":{"start":{"line":6,"column":35},"end":{"line":6,"column":100}},"8":{"start":{"line":6,"column":41},"end":{"line":6,"column":73}},"9":{"start":{"line":6,"column":88},"end":{"line":6,"column":98}},"10":{"start":{"line":7,"column":32},"end":{"line":7,"column":116}},"11":{"start":{"line":8,"column":8},"end":{"line":8,"column":78}},"12":{"start":{"line":11,"column":0},"end":{"line":11,"column":62}},"13":{"start":{"line":12,"column":0},"end":{"line":12,"column":26}},"14":{"start":{"line":13,"column":20},"end":{"line":13,"column":39}},"15":{"start":{"line":14,"column":18},"end":{"line":14,"column":35}},"16":{"start":{"line":15,"column":19},"end":{"line":15,"column":38}},"17":{"start":{"line":16,"column":23},"end":{"line":16,"column":60}},"18":{"start":{"line":17,"column":19},"end":{"line":17,"column":47}},"19":{"start":{"line":18,"column":14},"end":{"line":18,"column":32}},"20":{"start":{"line":19,"column":12},"end":{"line":19,"column":36}},"21":{"start":{"line":20,"column":13},"end":{"line":20,"column":27}},"22":{"start":{"line":21,"column":20},"end":{"line":21,"column":38}},"23":{"start":{"line":22,"column":23},"end":{"line":22,"column":52}},"24":{"start":{"line":32,"column":8},"end":{"line":32,"column":77}},"25":{"start":{"line":39,"column":8},"end":{"line":39,"column":77}},"26":{"start":{"line":49,"column":8},"end":{"line":49,"column":102}},"27":{"start":{"line":52,"column":8},"end":{"line":61,"column":11}},"28":{"start":{"line":53,"column":31},"end":{"line":53,"column":72}},"29":{"start":{"line":53,"column":86},"end":{"line":59,"column":13}},"30":{"start":{"line":60,"column":12},"end":{"line":60,"column":56}},"31":{"start":{"line":74,"column":8},"end":{"line":127,"column":11}},"32":{"start":{"line":76,"column":22},"end":{"line":76,"column":66}},"33":{"start":{"line":78,"column":12},"end":{"line":89,"column":13}},"34":{"start":{"line":79,"column":16},"end":{"line":79,"column":70}},"35":{"start":{"line":81,"column":17},"end":{"line":89,"column":13}},"36":{"start":{"line":82,"column":16},"end":{"line":82,"column":62}},"37":{"start":{"line":84,"column":17},"end":{"line":89,"column":13}},"38":{"start":{"line":85,"column":16},"end":{"line":85,"column":67}},"39":{"start":{"line":87,"column":17},"end":{"line":89,"column":13}},"40":{"start":{"line":88,"column":16},"end":{"line":88,"column":68}},"41":{"start":{"line":91,"column":12},"end":{"line":93,"column":13}},"42":{"start":{"line":92,"column":16},"end":{"line":92,"column":96}},"43":{"start":{"line":94,"column":12},"end":{"line":96,"column":13}},"44":{"start":{"line":95,"column":16},"end":{"line":95,"column":104}},"45":{"start":{"line":98,"column":12},"end":{"line":100,"column":13}},"46":{"start":{"line":99,"column":16},"end":{"line":99,"column":93}},"47":{"start":{"line":101,"column":12},"end":{"line":101,"column":80}},"48":{"start":{"line":102,"column":12},"end":{"line":102,"column":81}},"49":{"start":{"line":103,"column":12},"end":{"line":103,"column":88}},"50":{"start":{"line":104,"column":12},"end":{"line":104,"column":68}},"51":{"start":{"line":105,"column":12},"end":{"line":105,"column":82}},"52":{"start":{"line":107,"column":12},"end":{"line":107,"column":59}},"53":{"start":{"line":108,"column":22},"end":{"line":108,"column":38}},"54":{"start":{"line":110,"column":12},"end":{"line":110,"column":104}},"55":{"start":{"line":111,"column":12},"end":{"line":111,"column":61}},"56":{"start":{"line":112,"column":22},"end":{"line":119,"column":14}},"57":{"start":{"line":120,"column":12},"end":{"line":120,"column":62}},"58":{"start":{"line":121,"column":12},"end":{"line":121,"column":41}},"59":{"start":{"line":122,"column":25},"end":{"line":122,"column":46}},"60":{"start":{"line":123,"column":12},"end":{"line":123,"column":38}},"61":{"start":{"line":125,"column":12},"end":{"line":125,"column":93}},"62":{"start":{"line":126,"column":12},"end":{"line":126,"column":26}},"63":{"start":{"line":138,"column":8},"end":{"line":170,"column":11}},"64":{"start":{"line":139,"column":22},"end":{"line":139,"column":64}},"65":{"start":{"line":139,"column":82},"end":{"line":139,"column":106}},"66":{"start":{"line":141,"column":12},"end":{"line":143,"column":13}},"67":{"start":{"line":142,"column":16},"end":{"line":142,"column":86}},"68":{"start":{"line":144,"column":12},"end":{"line":144,"column":81}},"69":{"start":{"line":145,"column":12},"end":{"line":145,"column":81}},"70":{"start":{"line":146,"column":12},"end":{"line":146,"column":72}},"71":{"start":{"line":147,"column":12},"end":{"line":147,"column":82}},"72":{"start":{"line":148,"column":12},"end":{"line":148,"column":59}},"73":{"start":{"line":149,"column":22},"end":{"line":149,"column":38}},"74":{"start":{"line":150,"column":12},"end":{"line":150,"column":50}},"75":{"start":{"line":151,"column":22},"end":{"line":158,"column":14}},"76":{"start":{"line":159,"column":12},"end":{"line":159,"column":51}},"77":{"start":{"line":160,"column":12},"end":{"line":160,"column":41}},"78":{"start":{"line":162,"column":25},"end":{"line":162,"column":46}},"79":{"start":{"line":163,"column":12},"end":{"line":163,"column":38}},"80":{"start":{"line":164,"column":12},"end":{"line":164,"column":40}},"81":{"start":{"line":165,"column":12},"end":{"line":165,"column":75}},"82":{"start":{"line":166,"column":12},"end":{"line":166,"column":66}},"83":{"start":{"line":167,"column":12},"end":{"line":167,"column":75}},"84":{"start":{"line":168,"column":12},"end":{"line":168,"column":69}},"85":{"start":{"line":169,"column":12},"end":{"line":169,"column":33}},"86":{"start":{"line":180,"column":8},"end":{"line":211,"column":11}},"87":{"start":{"line":181,"column":22},"end":{"line":181,"column":64}},"88":{"start":{"line":181,"column":82},"end":{"line":181,"column":106}},"89":{"start":{"line":183,"column":12},"end":{"line":185,"column":13}},"90":{"start":{"line":184,"column":16},"end":{"line":184,"column":68}},"91":{"start":{"line":186,"column":12},"end":{"line":186,"column":80}},"92":{"start":{"line":187,"column":12},"end":{"line":187,"column":81}},"93":{"start":{"line":188,"column":12},"end":{"line":188,"column":72}},"94":{"start":{"line":189,"column":12},"end":{"line":189,"column":82}},"95":{"start":{"line":190,"column":12},"end":{"line":190,"column":59}},"96":{"start":{"line":191,"column":22},"end":{"line":191,"column":38}},"97":{"start":{"line":192,"column":12},"end":{"line":192,"column":50}},"98":{"start":{"line":193,"column":22},"end":{"line":200,"column":14}},"99":{"start":{"line":201,"column":12},"end":{"line":201,"column":51}},"100":{"start":{"line":202,"column":12},"end":{"line":202,"column":41}},"101":{"start":{"line":203,"column":25},"end":{"line":203,"column":46}},"102":{"start":{"line":204,"column":12},"end":{"line":204,"column":38}},"103":{"start":{"line":205,"column":12},"end":{"line":205,"column":40}},"104":{"start":{"line":206,"column":12},"end":{"line":206,"column":75}},"105":{"start":{"line":207,"column":12},"end":{"line":207,"column":66}},"106":{"start":{"line":208,"column":12},"end":{"line":208,"column":75}},"107":{"start":{"line":209,"column":12},"end":{"line":209,"column":69}},"108":{"start":{"line":210,"column":12},"end":{"line":210,"column":33}},"109":{"start":{"line":222,"column":8},"end":{"line":267,"column":11}},"110":{"start":{"line":223,"column":22},"end":{"line":223,"column":60}},"111":{"start":{"line":223,"column":78},"end":{"line":223,"column":102}},"112":{"start":{"line":225,"column":12},"end":{"line":239,"column":13}},"113":{"start":{"line":226,"column":16},"end":{"line":226,"column":86}},"114":{"start":{"line":228,"column":17},"end":{"line":239,"column":13}},"115":{"start":{"line":229,"column":16},"end":{"line":229,"column":73}},"116":{"start":{"line":231,"column":17},"end":{"line":239,"column":13}},"117":{"start":{"line":232,"column":16},"end":{"line":232,"column":69}},"118":{"start":{"line":234,"column":17},"end":{"line":239,"column":13}},"119":{"start":{"line":235,"column":16},"end":{"line":235,"column":70}},"120":{"start":{"line":237,"column":17},"end":{"line":239,"column":13}},"121":{"start":{"line":238,"column":16},"end":{"line":238,"column":70}},"122":{"start":{"line":240,"column":12},"end":{"line":240,"column":80}},"123":{"start":{"line":241,"column":12},"end":{"line":241,"column":81}},"124":{"start":{"line":242,"column":12},"end":{"line":242,"column":72}},"125":{"start":{"line":243,"column":12},"end":{"line":243,"column":82}},"126":{"start":{"line":244,"column":12},"end":{"line":244,"column":59}},"127":{"start":{"line":245,"column":22},"end":{"line":245,"column":38}},"128":{"start":{"line":246,"column":12},"end":{"line":246,"column":50}},"129":{"start":{"line":247,"column":22},"end":{"line":256,"column":14}},"130":{"start":{"line":257,"column":12},"end":{"line":257,"column":51}},"131":{"start":{"line":258,"column":12},"end":{"line":258,"column":41}},"132":{"start":{"line":259,"column":25},"end":{"line":259,"column":46}},"133":{"start":{"line":260,"column":12},"end":{"line":260,"column":38}},"134":{"start":{"line":261,"column":12},"end":{"line":261,"column":40}},"135":{"start":{"line":262,"column":12},"end":{"line":262,"column":75}},"136":{"start":{"line":263,"column":12},"end":{"line":263,"column":66}},"137":{"start":{"line":264,"column":12},"end":{"line":264,"column":75}},"138":{"start":{"line":265,"column":12},"end":{"line":265,"column":69}},"139":{"start":{"line":266,"column":12},"end":{"line":266,"column":33}},"140":{"start":{"line":277,"column":8},"end":{"line":309,"column":11}},"141":{"start":{"line":278,"column":22},"end":{"line":278,"column":65}},"142":{"start":{"line":278,"column":83},"end":{"line":278,"column":107}},"143":{"start":{"line":280,"column":12},"end":{"line":283,"column":13}},"144":{"start":{"line":282,"column":16},"end":{"line":282,"column":113}},"145":{"start":{"line":284,"column":12},"end":{"line":284,"column":80}},"146":{"start":{"line":285,"column":12},"end":{"line":285,"column":81}},"147":{"start":{"line":286,"column":12},"end":{"line":286,"column":72}},"148":{"start":{"line":287,"column":12},"end":{"line":287,"column":82}},"149":{"start":{"line":288,"column":12},"end":{"line":288,"column":59}},"150":{"start":{"line":289,"column":22},"end":{"line":289,"column":38}},"151":{"start":{"line":290,"column":12},"end":{"line":290,"column":50}},"152":{"start":{"line":291,"column":22},"end":{"line":298,"column":14}},"153":{"start":{"line":299,"column":12},"end":{"line":299,"column":51}},"154":{"start":{"line":300,"column":12},"end":{"line":300,"column":41}},"155":{"start":{"line":301,"column":25},"end":{"line":301,"column":46}},"156":{"start":{"line":302,"column":12},"end":{"line":302,"column":38}},"157":{"start":{"line":303,"column":12},"end":{"line":303,"column":40}},"158":{"start":{"line":304,"column":12},"end":{"line":304,"column":75}},"159":{"start":{"line":305,"column":12},"end":{"line":305,"column":66}},"160":{"start":{"line":306,"column":12},"end":{"line":306,"column":75}},"161":{"start":{"line":307,"column":12},"end":{"line":307,"column":69}},"162":{"start":{"line":308,"column":12},"end":{"line":308,"column":33}},"163":{"start":{"line":316,"column":8},"end":{"line":347,"column":11}},"164":{"start":{"line":317,"column":22},"end":{"line":317,"column":62}},"165":{"start":{"line":317,"column":80},"end":{"line":317,"column":104}},"166":{"start":{"line":319,"column":12},"end":{"line":321,"column":13}},"167":{"start":{"line":320,"column":16},"end":{"line":320,"column":74}},"168":{"start":{"line":322,"column":12},"end":{"line":322,"column":80}},"169":{"start":{"line":323,"column":12},"end":{"line":323,"column":81}},"170":{"start":{"line":324,"column":12},"end":{"line":324,"column":72}},"171":{"start":{"line":325,"column":12},"end":{"line":325,"column":82}},"172":{"start":{"line":326,"column":12},"end":{"line":326,"column":59}},"173":{"start":{"line":327,"column":22},"end":{"line":327,"column":38}},"174":{"start":{"line":328,"column":12},"end":{"line":328,"column":49}},"175":{"start":{"line":329,"column":22},"end":{"line":336,"column":14}},"176":{"start":{"line":337,"column":12},"end":{"line":337,"column":50}},"177":{"start":{"line":338,"column":12},"end":{"line":338,"column":41}},"178":{"start":{"line":339,"column":25},"end":{"line":339,"column":46}},"179":{"start":{"line":340,"column":12},"end":{"line":340,"column":38}},"180":{"start":{"line":341,"column":12},"end":{"line":341,"column":40}},"181":{"start":{"line":342,"column":12},"end":{"line":342,"column":75}},"182":{"start":{"line":343,"column":12},"end":{"line":343,"column":66}},"183":{"start":{"line":344,"column":12},"end":{"line":344,"column":75}},"184":{"start":{"line":345,"column":12},"end":{"line":345,"column":69}},"185":{"start":{"line":346,"column":12},"end":{"line":346,"column":33}},"186":{"start":{"line":358,"column":8},"end":{"line":395,"column":11}},"187":{"start":{"line":359,"column":22},"end":{"line":359,"column":62}},"188":{"start":{"line":359,"column":80},"end":{"line":359,"column":104}},"189":{"start":{"line":361,"column":12},"end":{"line":372,"column":13}},"190":{"start":{"line":362,"column":16},"end":{"line":362,"column":69}},"191":{"start":{"line":364,"column":17},"end":{"line":372,"column":13}},"192":{"start":{"line":365,"column":16},"end":{"line":365,"column":77}},"193":{"start":{"line":367,"column":17},"end":{"line":372,"column":13}},"194":{"start":{"line":368,"column":16},"end":{"line":368,"column":74}},"195":{"start":{"line":370,"column":17},"end":{"line":372,"column":13}},"196":{"start":{"line":371,"column":16},"end":{"line":371,"column":74}},"197":{"start":{"line":373,"column":12},"end":{"line":373,"column":88}},"198":{"start":{"line":374,"column":12},"end":{"line":374,"column":80}},"199":{"start":{"line":375,"column":12},"end":{"line":375,"column":81}},"200":{"start":{"line":376,"column":12},"end":{"line":376,"column":71}},"201":{"start":{"line":377,"column":12},"end":{"line":377,"column":82}},"202":{"start":{"line":378,"column":12},"end":{"line":378,"column":59}},"203":{"start":{"line":379,"column":22},"end":{"line":379,"column":38}},"204":{"start":{"line":380,"column":12},"end":{"line":380,"column":51}},"205":{"start":{"line":381,"column":22},"end":{"line":388,"column":14}},"206":{"start":{"line":389,"column":12},"end":{"line":389,"column":52}},"207":{"start":{"line":390,"column":12},"end":{"line":390,"column":41}},"208":{"start":{"line":391,"column":25},"end":{"line":391,"column":46}},"209":{"start":{"line":392,"column":12},"end":{"line":392,"column":38}},"210":{"start":{"line":393,"column":12},"end":{"line":393,"column":49}},"211":{"start":{"line":394,"column":12},"end":{"line":394,"column":33}},"212":{"start":{"line":405,"column":8},"end":{"line":433,"column":11}},"213":{"start":{"line":406,"column":22},"end":{"line":406,"column":61}},"214":{"start":{"line":406,"column":79},"end":{"line":406,"column":103}},"215":{"start":{"line":408,"column":12},"end":{"line":410,"column":13}},"216":{"start":{"line":409,"column":16},"end":{"line":409,"column":92}},"217":{"start":{"line":411,"column":12},"end":{"line":411,"column":80}},"218":{"start":{"line":412,"column":12},"end":{"line":412,"column":81}},"219":{"start":{"line":413,"column":12},"end":{"line":413,"column":71}},"220":{"start":{"line":414,"column":12},"end":{"line":414,"column":82}},"221":{"start":{"line":415,"column":12},"end":{"line":415,"column":59}},"222":{"start":{"line":416,"column":22},"end":{"line":416,"column":38}},"223":{"start":{"line":417,"column":12},"end":{"line":417,"column":50}},"224":{"start":{"line":418,"column":22},"end":{"line":427,"column":14}},"225":{"start":{"line":428,"column":12},"end":{"line":428,"column":51}},"226":{"start":{"line":429,"column":25},"end":{"line":429,"column":46}},"227":{"start":{"line":430,"column":12},"end":{"line":430,"column":38}},"228":{"start":{"line":431,"column":12},"end":{"line":431,"column":49}},"229":{"start":{"line":432,"column":12},"end":{"line":432,"column":33}},"230":{"start":{"line":436,"column":21},"end":{"line":436,"column":45}},"231":{"start":{"line":437,"column":8},"end":{"line":437,"column":28}},"232":{"start":{"line":438,"column":8},"end":{"line":438,"column":59}},"233":{"start":{"line":439,"column":8},"end":{"line":439,"column":50}},"234":{"start":{"line":440,"column":8},"end":{"line":440,"column":59}},"235":{"start":{"line":441,"column":8},"end":{"line":441,"column":53}},"236":{"start":{"line":442,"column":8},"end":{"line":442,"column":22}},"237":{"start":{"line":445,"column":0},"end":{"line":445,"column":28}}},"fnMap":{"0":{"name":"(anonymous_0)","decl":{"start":{"line":2,"column":44},"end":{"line":2,"column":45}},"loc":{"start":{"line":2,"column":89},"end":{"line":10,"column":1}},"line":2},"1":{"name":"adopt","decl":{"start":{"line":3,"column":13},"end":{"line":3,"column":18}},"loc":{"start":{"line":3,"column":26},"end":{"line":3,"column":112}},"line":3},"2":{"name":"(anonymous_2)","decl":{"start":{"line":3,"column":70},"end":{"line":3,"column":71}},"loc":{"start":{"line":3,"column":89},"end":{"line":3,"column":108}},"line":3},"3":{"name":"(anonymous_3)","decl":{"start":{"line":4,"column":36},"end":{"line":4,"column":37}},"loc":{"start":{"line":4,"column":63},"end":{"line":9,"column":5}},"line":4},"4":{"name":"fulfilled","decl":{"start":{"line":5,"column":17},"end":{"line":5,"column":26}},"loc":{"start":{"line":5,"column":34},"end":{"line":5,"column":99}},"line":5},"5":{"name":"rejected","decl":{"start":{"line":6,"column":17},"end":{"line":6,"column":25}},"loc":{"start":{"line":6,"column":33},"end":{"line":6,"column":102}},"line":6},"6":{"name":"step","decl":{"start":{"line":7,"column":17},"end":{"line":7,"column":21}},"loc":{"start":{"line":7,"column":30},"end":{"line":7,"column":118}},"line":7},"7":{"name":"(anonymous_7)","decl":{"start":{"line":31,"column":4},"end":{"line":31,"column":5}},"loc":{"start":{"line":31,"column":31},"end":{"line":33,"column":5}},"line":31},"8":{"name":"(anonymous_8)","decl":{"start":{"line":38,"column":4},"end":{"line":38,"column":5}},"loc":{"start":{"line":38,"column":30},"end":{"line":40,"column":5}},"line":38},"9":{"name":"(anonymous_9)","decl":{"start":{"line":48,"column":4},"end":{"line":48,"column":5}},"loc":{"start":{"line":48,"column":32},"end":{"line":50,"column":5}},"line":48},"10":{"name":"(anonymous_10)","decl":{"start":{"line":51,"column":4},"end":{"line":51,"column":5}},"loc":{"start":{"line":51,"column":46},"end":{"line":62,"column":5}},"line":51},"11":{"name":"(anonymous_11)","decl":{"start":{"line":52,"column":47},"end":{"line":52,"column":48}},"loc":{"start":{"line":52,"column":60},"end":{"line":61,"column":9}},"line":52},"12":{"name":"(anonymous_12)","decl":{"start":{"line":73,"column":4},"end":{"line":73,"column":5}},"loc":{"start":{"line":73,"column":34},"end":{"line":128,"column":5}},"line":73},"13":{"name":"(anonymous_13)","decl":{"start":{"line":74,"column":47},"end":{"line":74,"column":48}},"loc":{"start":{"line":74,"column":60},"end":{"line":127,"column":9}},"line":74},"14":{"name":"(anonymous_14)","decl":{"start":{"line":137,"column":4},"end":{"line":137,"column":5}},"loc":{"start":{"line":137,"column":32},"end":{"line":171,"column":5}},"line":137},"15":{"name":"(anonymous_15)","decl":{"start":{"line":138,"column":47},"end":{"line":138,"column":48}},"loc":{"start":{"line":138,"column":60},"end":{"line":170,"column":9}},"line":138},"16":{"name":"(anonymous_16)","decl":{"start":{"line":179,"column":4},"end":{"line":179,"column":5}},"loc":{"start":{"line":179,"column":32},"end":{"line":212,"column":5}},"line":179},"17":{"name":"(anonymous_17)","decl":{"start":{"line":180,"column":47},"end":{"line":180,"column":48}},"loc":{"start":{"line":180,"column":60},"end":{"line":211,"column":9}},"line":180},"18":{"name":"(anonymous_18)","decl":{"start":{"line":221,"column":4},"end":{"line":221,"column":5}},"loc":{"start":{"line":221,"column":28},"end":{"line":268,"column":5}},"line":221},"19":{"name":"(anonymous_19)","decl":{"start":{"line":222,"column":47},"end":{"line":222,"column":48}},"loc":{"start":{"line":222,"column":60},"end":{"line":267,"column":9}},"line":222},"20":{"name":"(anonymous_20)","decl":{"start":{"line":276,"column":4},"end":{"line":276,"column":5}},"loc":{"start":{"line":276,"column":33},"end":{"line":310,"column":5}},"line":276},"21":{"name":"(anonymous_21)","decl":{"start":{"line":277,"column":47},"end":{"line":277,"column":48}},"loc":{"start":{"line":277,"column":60},"end":{"line":309,"column":9}},"line":277},"22":{"name":"(anonymous_22)","decl":{"start":{"line":315,"column":4},"end":{"line":315,"column":5}},"loc":{"start":{"line":315,"column":30},"end":{"line":348,"column":5}},"line":315},"23":{"name":"(anonymous_23)","decl":{"start":{"line":316,"column":47},"end":{"line":316,"column":48}},"loc":{"start":{"line":316,"column":60},"end":{"line":347,"column":9}},"line":316},"24":{"name":"(anonymous_24)","decl":{"start":{"line":357,"column":4},"end":{"line":357,"column":5}},"loc":{"start":{"line":357,"column":30},"end":{"line":396,"column":5}},"line":357},"25":{"name":"(anonymous_25)","decl":{"start":{"line":358,"column":47},"end":{"line":358,"column":48}},"loc":{"start":{"line":358,"column":60},"end":{"line":395,"column":9}},"line":358},"26":{"name":"(anonymous_26)","decl":{"start":{"line":404,"column":4},"end":{"line":404,"column":5}},"loc":{"start":{"line":404,"column":29},"end":{"line":434,"column":5}},"line":404},"27":{"name":"(anonymous_27)","decl":{"start":{"line":405,"column":47},"end":{"line":405,"column":48}},"loc":{"start":{"line":405,"column":60},"end":{"line":433,"column":9}},"line":405},"28":{"name":"(anonymous_28)","decl":{"start":{"line":435,"column":4},"end":{"line":435,"column":5}},"loc":{"start":{"line":435,"column":26},"end":{"line":443,"column":5}},"line":435}},"branchMap":{"0":{"loc":{"start":{"line":2,"column":16},"end":{"line":10,"column":1}},"type":"binary-expr","locations":[{"start":{"line":2,"column":17},"end":{"line":2,"column":21}},{"start":{"line":2,"column":25},"end":{"line":2,"column":39}},{"start":{"line":2,"column":44},"end":{"line":10,"column":1}}],"line":2},"1":{"loc":{"start":{"line":3,"column":35},"end":{"line":3,"column":109}},"type":"cond-expr","locations":[{"start":{"line":3,"column":56},"end":{"line":3,"column":61}},{"start":{"line":3,"column":64},"end":{"line":3,"column":109}}],"line":3},"2":{"loc":{"start":{"line":4,"column":16},"end":{"line":4,"column":34}},"type":"binary-expr","locations":[{"start":{"line":4,"column":16},"end":{"line":4,"column":17}},{"start":{"line":4,"column":22},"end":{"line":4,"column":33}}],"line":4},"3":{"loc":{"start":{"line":7,"column":32},"end":{"line":7,"column":115}},"type":"cond-expr","locations":[{"start":{"line":7,"column":46},"end":{"line":7,"column":67}},{"start":{"line":7,"column":70},"end":{"line":7,"column":115}}],"line":7},"4":{"loc":{"start":{"line":8,"column":51},"end":{"line":8,"column":67}},"type":"binary-expr","locations":[{"start":{"line":8,"column":51},"end":{"line":8,"column":61}},{"start":{"line":8,"column":65},"end":{"line":8,"column":67}}],"line":8},"5":{"loc":{"start":{"line":51,"column":35},"end":{"line":51,"column":44}},"type":"default-arg","locations":[{"start":{"line":51,"column":43},"end":{"line":51,"column":44}}],"line":51},"6":{"loc":{"start":{"line":78,"column":12},"end":{"line":89,"column":13}},"type":"if","locations":[{"start":{"line":78,"column":12},"end":{"line":89,"column":13}},{"start":{"line":78,"column":12},"end":{"line":89,"column":13}}],"line":78},"7":{"loc":{"start":{"line":81,"column":17},"end":{"line":89,"column":13}},"type":"if","locations":[{"start":{"line":81,"column":17},"end":{"line":89,"column":13}},{"start":{"line":81,"column":17},"end":{"line":89,"column":13}}],"line":81},"8":{"loc":{"start":{"line":84,"column":17},"end":{"line":89,"column":13}},"type":"if","locations":[{"start":{"line":84,"column":17},"end":{"line":89,"column":13}},{"start":{"line":84,"column":17},"end":{"line":89,"column":13}}],"line":84},"9":{"loc":{"start":{"line":87,"column":17},"end":{"line":89,"column":13}},"type":"if","locations":[{"start":{"line":87,"column":17},"end":{"line":89,"column":13}},{"start":{"line":87,"column":17},"end":{"line":89,"column":13}}],"line":87},"10":{"loc":{"start":{"line":91,"column":12},"end":{"line":93,"column":13}},"type":"if","locations":[{"start":{"line":91,"column":12},"end":{"line":93,"column":13}},{"start":{"line":91,"column":12},"end":{"line":93,"column":13}}],"line":91},"11":{"loc":{"start":{"line":91,"column":16},"end":{"line":91,"column":133}},"type":"binary-expr","locations":[{"start":{"line":91,"column":16},"end":{"line":91,"column":104}},{"start":{"line":91,"column":108},"end":{"line":91,"column":133}}],"line":91},"12":{"loc":{"start":{"line":94,"column":12},"end":{"line":96,"column":13}},"type":"if","locations":[{"start":{"line":94,"column":12},"end":{"line":96,"column":13}},{"start":{"line":94,"column":12},"end":{"line":96,"column":13}}],"line":94},"13":{"loc":{"start":{"line":94,"column":16},"end":{"line":94,"column":138}},"type":"binary-expr","locations":[{"start":{"line":94,"column":16},"end":{"line":94,"column":105}},{"start":{"line":94,"column":109},"end":{"line":94,"column":138}}],"line":94},"14":{"loc":{"start":{"line":98,"column":12},"end":{"line":100,"column":13}},"type":"if","locations":[{"start":{"line":98,"column":12},"end":{"line":100,"column":13}},{"start":{"line":98,"column":12},"end":{"line":100,"column":13}}],"line":98},"15":{"loc":{"start":{"line":141,"column":12},"end":{"line":143,"column":13}},"type":"if","locations":[{"start":{"line":141,"column":12},"end":{"line":143,"column":13}},{"start":{"line":141,"column":12},"end":{"line":143,"column":13}}],"line":141},"16":{"loc":{"start":{"line":141,"column":16},"end":{"line":141,"column":84}},"type":"binary-expr","locations":[{"start":{"line":141,"column":16},"end":{"line":141,"column":47}},{"start":{"line":141,"column":51},"end":{"line":141,"column":84}}],"line":141},"17":{"loc":{"start":{"line":183,"column":12},"end":{"line":185,"column":13}},"type":"if","locations":[{"start":{"line":183,"column":12},"end":{"line":185,"column":13}},{"start":{"line":183,"column":12},"end":{"line":185,"column":13}}],"line":183},"18":{"loc":{"start":{"line":225,"column":12},"end":{"line":239,"column":13}},"type":"if","locations":[{"start":{"line":225,"column":12},"end":{"line":239,"column":13}},{"start":{"line":225,"column":12},"end":{"line":239,"column":13}}],"line":225},"19":{"loc":{"start":{"line":225,"column":16},"end":{"line":225,"column":84}},"type":"binary-expr","locations":[{"start":{"line":225,"column":16},"end":{"line":225,"column":47}},{"start":{"line":225,"column":51},"end":{"line":225,"column":84}}],"line":225},"20":{"loc":{"start":{"line":228,"column":17},"end":{"line":239,"column":13}},"type":"if","locations":[{"start":{"line":228,"column":17},"end":{"line":239,"column":13}},{"start":{"line":228,"column":17},"end":{"line":239,"column":13}}],"line":228},"21":{"loc":{"start":{"line":231,"column":17},"end":{"line":239,"column":13}},"type":"if","locations":[{"start":{"line":231,"column":17},"end":{"line":239,"column":13}},{"start":{"line":231,"column":17},"end":{"line":239,"column":13}}],"line":231},"22":{"loc":{"start":{"line":234,"column":17},"end":{"line":239,"column":13}},"type":"if","locations":[{"start":{"line":234,"column":17},"end":{"line":239,"column":13}},{"start":{"line":234,"column":17},"end":{"line":239,"column":13}}],"line":234},"23":{"loc":{"start":{"line":237,"column":17},"end":{"line":239,"column":13}},"type":"if","locations":[{"start":{"line":237,"column":17},"end":{"line":239,"column":13}},{"start":{"line":237,"column":17},"end":{"line":239,"column":13}}],"line":237},"24":{"loc":{"start":{"line":280,"column":12},"end":{"line":283,"column":13}},"type":"if","locations":[{"start":{"line":280,"column":12},"end":{"line":283,"column":13}},{"start":{"line":280,"column":12},"end":{"line":283,"column":13}}],"line":280},"25":{"loc":{"start":{"line":280,"column":16},"end":{"line":281,"column":81}},"type":"binary-expr","locations":[{"start":{"line":280,"column":16},"end":{"line":280,"column":48}},{"start":{"line":280,"column":52},"end":{"line":280,"column":83}},{"start":{"line":281,"column":16},"end":{"line":281,"column":49}},{"start":{"line":281,"column":53},"end":{"line":281,"column":81}}],"line":280},"26":{"loc":{"start":{"line":319,"column":12},"end":{"line":321,"column":13}},"type":"if","locations":[{"start":{"line":319,"column":12},"end":{"line":321,"column":13}},{"start":{"line":319,"column":12},"end":{"line":321,"column":13}}],"line":319},"27":{"loc":{"start":{"line":361,"column":12},"end":{"line":372,"column":13}},"type":"if","locations":[{"start":{"line":361,"column":12},"end":{"line":372,"column":13}},{"start":{"line":361,"column":12},"end":{"line":372,"column":13}}],"line":361},"28":{"loc":{"start":{"line":364,"column":17},"end":{"line":372,"column":13}},"type":"if","locations":[{"start":{"line":364,"column":17},"end":{"line":372,"column":13}},{"start":{"line":364,"column":17},"end":{"line":372,"column":13}}],"line":364},"29":{"loc":{"start":{"line":367,"column":17},"end":{"line":372,"column":13}},"type":"if","locations":[{"start":{"line":367,"column":17},"end":{"line":372,"column":13}},{"start":{"line":367,"column":17},"end":{"line":372,"column":13}}],"line":367},"30":{"loc":{"start":{"line":370,"column":17},"end":{"line":372,"column":13}},"type":"if","locations":[{"start":{"line":370,"column":17},"end":{"line":372,"column":13}},{"start":{"line":370,"column":17},"end":{"line":372,"column":13}}],"line":370},"31":{"loc":{"start":{"line":408,"column":12},"end":{"line":410,"column":13}},"type":"if","locations":[{"start":{"line":408,"column":12},"end":{"line":410,"column":13}},{"start":{"line":408,"column":12},"end":{"line":410,"column":13}}],"line":408},"32":{"loc":{"start":{"line":408,"column":16},"end":{"line":408,"column":84}},"type":"binary-expr","locations":[{"start":{"line":408,"column":16},"end":{"line":408,"column":47}},{"start":{"line":408,"column":51},"end":{"line":408,"column":84}}],"line":408}},"s":{"0":1,"1":0,"2":0,"3":0,"4":0,"5":0,"6":0,"7":0,"8":0,"9":0,"10":0,"11":0,"12":1,"13":1,"14":1,"15":1,"16":1,"17":1,"18":1,"19":1,"20":1,"21":1,"22":1,"23":1,"24":0,"25":0,"26":0,"27":0,"28":0,"29":0,"30":0,"31":0,"32":0,"33":0,"34":0,"35":0,"36":0,"37":0,"38":0,"39":0,"40":0,"41":0,"42":0,"43":0,"44":0,"45":0,"46":0,"47":0,"48":0,"49":0,"50":0,"51":0,"52":0,"53":0,"54":0,"55":0,"56":0,"57":0,"58":0,"59":0,"60":0,"61":0,"62":0,"63":0,"64":0,"65":0,"66":0,"67":0,"68":0,"69":0,"70":0,"71":0,"72":0,"73":0,"74":0,"75":0,"76":0,"77":0,"78":0,"79":0,"80":0,"81":0,"82":0,"83":0,"84":0,"85":0,"86":0,"87":0,"88":0,"89":0,"90":0,"91":0,"92":0,"93":0,"94":0,"95":0,"96":0,"97":0,"98":0,"99":0,"100":0,"101":0,"102":0,"103":0,"104":0,"105":0,"106":0,"107":0,"108":0,"109":0,"110":0,"111":0,"112":0,"113":0,"114":0,"115":0,"116":0,"117":0,"118":0,"119":0,"120":0,"121":0,"122":0,"123":0,"124":0,"125":0,"126":0,"127":0,"128":0,"129":0,"130":0,"131":0,"132":0,"133":0,"134":0,"135":0,"136":0,"137":0,"138":0,"139":0,"140":0,"141":0,"142":0,"143":0,"144":0,"145":0,"146":0,"147":0,"148":0,"149":0,"150":0,"151":0,"152":0,"153":0,"154":0,"155":0,"156":0,"157":0,"158":0,"159":0,"160":0,"161":0,"162":0,"163":0,"164":0,"165":0,"166":0,"167":0,"168":0,"169":0,"170":0,"171":0,"172":0,"173":0,"174":0,"175":0,"176":0,"177":0,"178":0,"179":0,"180":0,"181":0,"182":0,"183":0,"184":0,"185":0,"186":0,"187":0,"188":0,"189":0,"190":0,"191":0,"192":0,"193":0,"194":0,"195":0,"196":0,"197":0,"198":0,"199":0,"200":0,"201":0,"202":0,"203":0,"204":0,"205":0,"206":0,"207":0,"208":0,"209":0,"210":0,"211":0,"212":0,"213":0,"214":0,"215":0,"216":0,"217":0,"218":0,"219":0,"220":0,"221":0,"222":0,"223":0,"224":0,"225":0,"226":0,"227":0,"228":0,"229":0,"230":0,"231":0,"232":0,"233":0,"234":0,"235":0,"236":0,"237":1},"f":{"0":0,"1":0,"2":0,"3":0,"4":0,"5":0,"6":0,"7":0,"8":0,"9":0,"10":0,"11":0,"12":0,"13":0,"14":0,"15":0,"16":0,"17":0,"18":0,"19":0,"20":0,"21":0,"22":0,"23":0,"24":0,"25":0,"26":0,"27":0,"28":0},"b":{"0":[1,1,1],"1":[0,0],"2":[0,0],"3":[0,0],"4":[0,0],"5":[0],"6":[0,0],"7":[0,0],"8":[0,0],"9":[0,0],"10":[0,0],"11":[0,0],"12":[0,0],"13":[0,0],"14":[0,0],"15":[0,0],"16":[0,0],"17":[0,0],"18":[0,0],"19":[0,0],"20":[0,0],"21":[0,0],"22":[0,0],"23":[0,0],"24":[0,0],"25":[0,0,0,0],"26":[0,0],"27":[0,0],"28":[0,0],"29":[0,0],"30":[0,0],"31":[0,0],"32":[0,0]},"_coverageSchema":"1a1c01bbd47fc00a2c39e90264f33305004495a9","hash":"7d6f08096841389bcaf00c1520537f7881019e76","contentHash":"285f7e871938905c76545e9dd23df085d247013cf74c32fddedb9e331a539c1d"}
,"E:\\4learning-space\\2、typescript学习\\practice03\\cpay\\dist\\lib\\BLL\\cPayBLL.js": {"path":"E:\\4learning-space\\2、typescript学习\\practice03\\cpay\\dist\\lib\\BLL\\cPayBLL.js","statementMap":{"0":{"start":{"line":2,"column":16},"end":{"line":10,"column":1}},"1":{"start":{"line":3,"column":28},"end":{"line":3,"column":110}},"2":{"start":{"line":3,"column":91},"end":{"line":3,"column":106}},"3":{"start":{"line":4,"column":4},"end":{"line":9,"column":7}},"4":{"start":{"line":5,"column":36},"end":{"line":5,"column":97}},"5":{"start":{"line":5,"column":42},"end":{"line":5,"column":70}},"6":{"start":{"line":5,"column":85},"end":{"line":5,"column":95}},"7":{"start":{"line":6,"column":35},"end":{"line":6,"column":100}},"8":{"start":{"line":6,"column":41},"end":{"line":6,"column":73}},"9":{"start":{"line":6,"column":88},"end":{"line":6,"column":98}},"10":{"start":{"line":7,"column":32},"end":{"line":7,"column":116}},"11":{"start":{"line":8,"column":8},"end":{"line":8,"column":78}},"12":{"start":{"line":11,"column":0},"end":{"line":11,"column":62}},"13":{"start":{"line":12,"column":0},"end":{"line":12,"column":52}},"14":{"start":{"line":13,"column":12},"end":{"line":13,"column":38}},"15":{"start":{"line":16,"column":18},"end":{"line":16,"column":20}},"16":{"start":{"line":17,"column":23},"end":{"line":17,"column":55}},"17":{"start":{"line":18,"column":8},"end":{"line":21,"column":9}},"18":{"start":{"line":18,"column":21},"end":{"line":18,"column":22}},"19":{"start":{"line":19,"column":22},"end":{"line":19,"column":40}},"20":{"start":{"line":20,"column":12},"end":{"line":20,"column":58}},"21":{"start":{"line":22,"column":8},"end":{"line":22,"column":19}},"22":{"start":{"line":25,"column":26},"end":{"line":25,"column":28}},"23":{"start":{"line":25,"column":40},"end":{"line":25,"column":42}},"24":{"start":{"line":26,"column":23},"end":{"line":26,"column":71}},"25":{"start":{"line":27,"column":8},"end":{"line":31,"column":9}},"26":{"start":{"line":27,"column":21},"end":{"line":27,"column":22}},"27":{"start":{"line":28,"column":22},"end":{"line":28,"column":40}},"28":{"start":{"line":29,"column":12},"end":{"line":29,"column":66}},"29":{"start":{"line":30,"column":12},"end":{"line":30,"column":30}},"30":{"start":{"line":32,"column":8},"end":{"line":34,"column":9}},"31":{"start":{"line":33,"column":12},"end":{"line":33,"column":38}},"32":{"start":{"line":35,"column":8},"end":{"line":35,"column":40}},"33":{"start":{"line":40,"column":8},"end":{"line":40,"column":16}},"34":{"start":{"line":43,"column":8},"end":{"line":54,"column":11}},"35":{"start":{"line":44,"column":33},"end":{"line":49,"column":13}},"36":{"start":{"line":50,"column":43},"end":{"line":50,"column":98}},"37":{"start":{"line":51,"column":12},"end":{"line":51,"column":107}},"38":{"start":{"line":52,"column":12},"end":{"line":52,"column":52}},"39":{"start":{"line":53,"column":12},"end":{"line":53,"column":47}},"40":{"start":{"line":57,"column":8},"end":{"line":65,"column":11}},"41":{"start":{"line":58,"column":33},"end":{"line":61,"column":119}},"42":{"start":{"line":62,"column":43},"end":{"line":62,"column":98}},"43":{"start":{"line":63,"column":12},"end":{"line":63,"column":120}},"44":{"start":{"line":64,"column":12},"end":{"line":64,"column":47}},"45":{"start":{"line":68,"column":8},"end":{"line":74,"column":11}},"46":{"start":{"line":69,"column":26},"end":{"line":69,"column":125}},"47":{"start":{"line":69,"column":139},"end":{"line":69,"column":169}},"48":{"start":{"line":69,"column":180},"end":{"line":69,"column":182}},"49":{"start":{"line":70,"column":12},"end":{"line":70,"column":49}},"50":{"start":{"line":71,"column":12},"end":{"line":71,"column":80}},"51":{"start":{"line":72,"column":28},"end":{"line":72,"column":106}},"52":{"start":{"line":73,"column":12},"end":{"line":73,"column":59}},"53":{"start":{"line":77,"column":8},"end":{"line":83,"column":11}},"54":{"start":{"line":78,"column":26},"end":{"line":78,"column":295}},"55":{"start":{"line":78,"column":309},"end":{"line":78,"column":339}},"56":{"start":{"line":78,"column":350},"end":{"line":78,"column":352}},"57":{"start":{"line":79,"column":12},"end":{"line":79,"column":49}},"58":{"start":{"line":80,"column":12},"end":{"line":80,"column":80}},"59":{"start":{"line":81,"column":28},"end":{"line":81,"column":119}},"60":{"start":{"line":82,"column":12},"end":{"line":82,"column":59}},"61":{"start":{"line":86,"column":8},"end":{"line":92,"column":11}},"62":{"start":{"line":87,"column":26},"end":{"line":87,"column":171}},"63":{"start":{"line":87,"column":185},"end":{"line":87,"column":215}},"64":{"start":{"line":87,"column":226},"end":{"line":87,"column":228}},"65":{"start":{"line":88,"column":12},"end":{"line":88,"column":80}},"66":{"start":{"line":89,"column":28},"end":{"line":89,"column":106}},"67":{"start":{"line":90,"column":12},"end":{"line":90,"column":68}},"68":{"start":{"line":91,"column":12},"end":{"line":91,"column":59}},"69":{"start":{"line":95,"column":0},"end":{"line":95,"column":36}},"70":{"start":{"line":96,"column":0},"end":{"line":96,"column":40}},"71":{"start":{"line":97,"column":0},"end":{"line":97,"column":60}},"72":{"start":{"line":100,"column":8},"end":{"line":100,"column":16}},"73":{"start":{"line":103,"column":8},"end":{"line":108,"column":11}},"74":{"start":{"line":104,"column":33},"end":{"line":104,"column":89}},"75":{"start":{"line":105,"column":43},"end":{"line":105,"column":94}},"76":{"start":{"line":106,"column":12},"end":{"line":106,"column":107}},"77":{"start":{"line":107,"column":12},"end":{"line":107,"column":47}},"78":{"start":{"line":111,"column":0},"end":{"line":111,"column":34}},"79":{"start":{"line":112,"column":0},"end":{"line":112,"column":38}}},"fnMap":{"0":{"name":"(anonymous_0)","decl":{"start":{"line":2,"column":44},"end":{"line":2,"column":45}},"loc":{"start":{"line":2,"column":89},"end":{"line":10,"column":1}},"line":2},"1":{"name":"adopt","decl":{"start":{"line":3,"column":13},"end":{"line":3,"column":18}},"loc":{"start":{"line":3,"column":26},"end":{"line":3,"column":112}},"line":3},"2":{"name":"(anonymous_2)","decl":{"start":{"line":3,"column":70},"end":{"line":3,"column":71}},"loc":{"start":{"line":3,"column":89},"end":{"line":3,"column":108}},"line":3},"3":{"name":"(anonymous_3)","decl":{"start":{"line":4,"column":36},"end":{"line":4,"column":37}},"loc":{"start":{"line":4,"column":63},"end":{"line":9,"column":5}},"line":4},"4":{"name":"fulfilled","decl":{"start":{"line":5,"column":17},"end":{"line":5,"column":26}},"loc":{"start":{"line":5,"column":34},"end":{"line":5,"column":99}},"line":5},"5":{"name":"rejected","decl":{"start":{"line":6,"column":17},"end":{"line":6,"column":25}},"loc":{"start":{"line":6,"column":33},"end":{"line":6,"column":102}},"line":6},"6":{"name":"step","decl":{"start":{"line":7,"column":17},"end":{"line":7,"column":21}},"loc":{"start":{"line":7,"column":30},"end":{"line":7,"column":118}},"line":7},"7":{"name":"(anonymous_7)","decl":{"start":{"line":15,"column":4},"end":{"line":15,"column":5}},"loc":{"start":{"line":15,"column":45},"end":{"line":23,"column":5}},"line":15},"8":{"name":"(anonymous_8)","decl":{"start":{"line":24,"column":4},"end":{"line":24,"column":5}},"loc":{"start":{"line":24,"column":64},"end":{"line":36,"column":5}},"line":24},"9":{"name":"(anonymous_9)","decl":{"start":{"line":39,"column":4},"end":{"line":39,"column":5}},"loc":{"start":{"line":39,"column":18},"end":{"line":41,"column":5}},"line":39},"10":{"name":"(anonymous_10)","decl":{"start":{"line":42,"column":4},"end":{"line":42,"column":5}},"loc":{"start":{"line":42,"column":40},"end":{"line":55,"column":5}},"line":42},"11":{"name":"(anonymous_11)","decl":{"start":{"line":43,"column":47},"end":{"line":43,"column":48}},"loc":{"start":{"line":43,"column":60},"end":{"line":54,"column":9}},"line":43},"12":{"name":"(anonymous_12)","decl":{"start":{"line":56,"column":4},"end":{"line":56,"column":5}},"loc":{"start":{"line":56,"column":46},"end":{"line":66,"column":5}},"line":56},"13":{"name":"(anonymous_13)","decl":{"start":{"line":57,"column":47},"end":{"line":57,"column":48}},"loc":{"start":{"line":57,"column":60},"end":{"line":65,"column":9}},"line":57},"14":{"name":"(anonymous_14)","decl":{"start":{"line":67,"column":4},"end":{"line":67,"column":5}},"loc":{"start":{"line":67,"column":47},"end":{"line":75,"column":5}},"line":67},"15":{"name":"(anonymous_15)","decl":{"start":{"line":68,"column":47},"end":{"line":68,"column":48}},"loc":{"start":{"line":68,"column":60},"end":{"line":74,"column":9}},"line":68},"16":{"name":"(anonymous_16)","decl":{"start":{"line":76,"column":4},"end":{"line":76,"column":5}},"loc":{"start":{"line":76,"column":53},"end":{"line":84,"column":5}},"line":76},"17":{"name":"(anonymous_17)","decl":{"start":{"line":77,"column":47},"end":{"line":77,"column":48}},"loc":{"start":{"line":77,"column":60},"end":{"line":83,"column":9}},"line":77},"18":{"name":"(anonymous_18)","decl":{"start":{"line":85,"column":4},"end":{"line":85,"column":5}},"loc":{"start":{"line":85,"column":42},"end":{"line":93,"column":5}},"line":85},"19":{"name":"(anonymous_19)","decl":{"start":{"line":86,"column":47},"end":{"line":86,"column":48}},"loc":{"start":{"line":86,"column":60},"end":{"line":92,"column":9}},"line":86},"20":{"name":"(anonymous_20)","decl":{"start":{"line":99,"column":4},"end":{"line":99,"column":5}},"loc":{"start":{"line":99,"column":18},"end":{"line":101,"column":5}},"line":99},"21":{"name":"(anonymous_21)","decl":{"start":{"line":102,"column":4},"end":{"line":102,"column":5}},"loc":{"start":{"line":102,"column":32},"end":{"line":109,"column":5}},"line":102},"22":{"name":"(anonymous_22)","decl":{"start":{"line":103,"column":47},"end":{"line":103,"column":48}},"loc":{"start":{"line":103,"column":60},"end":{"line":108,"column":9}},"line":103}},"branchMap":{"0":{"loc":{"start":{"line":2,"column":16},"end":{"line":10,"column":1}},"type":"binary-expr","locations":[{"start":{"line":2,"column":17},"end":{"line":2,"column":21}},{"start":{"line":2,"column":25},"end":{"line":2,"column":39}},{"start":{"line":2,"column":44},"end":{"line":10,"column":1}}],"line":2},"1":{"loc":{"start":{"line":3,"column":35},"end":{"line":3,"column":109}},"type":"cond-expr","locations":[{"start":{"line":3,"column":56},"end":{"line":3,"column":61}},{"start":{"line":3,"column":64},"end":{"line":3,"column":109}}],"line":3},"2":{"loc":{"start":{"line":4,"column":16},"end":{"line":4,"column":34}},"type":"binary-expr","locations":[{"start":{"line":4,"column":16},"end":{"line":4,"column":17}},{"start":{"line":4,"column":22},"end":{"line":4,"column":33}}],"line":4},"3":{"loc":{"start":{"line":7,"column":32},"end":{"line":7,"column":115}},"type":"cond-expr","locations":[{"start":{"line":7,"column":46},"end":{"line":7,"column":67}},{"start":{"line":7,"column":70},"end":{"line":7,"column":115}}],"line":7},"4":{"loc":{"start":{"line":8,"column":51},"end":{"line":8,"column":67}},"type":"binary-expr","locations":[{"start":{"line":8,"column":51},"end":{"line":8,"column":61}},{"start":{"line":8,"column":65},"end":{"line":8,"column":67}}],"line":8},"5":{"loc":{"start":{"line":20,"column":23},"end":{"line":20,"column":57}},"type":"cond-expr","locations":[{"start":{"line":20,"column":39},"end":{"line":20,"column":52}},{"start":{"line":20,"column":55},"end":{"line":20,"column":57}}],"line":20},"6":{"loc":{"start":{"line":24,"column":50},"end":{"line":24,"column":62}},"type":"default-arg","locations":[{"start":{"line":24,"column":58},"end":{"line":24,"column":62}}],"line":24},"7":{"loc":{"start":{"line":29,"column":31},"end":{"line":29,"column":65}},"type":"cond-expr","locations":[{"start":{"line":29,"column":47},"end":{"line":29,"column":60}},{"start":{"line":29,"column":63},"end":{"line":29,"column":65}}],"line":29},"8":{"loc":{"start":{"line":32,"column":8},"end":{"line":34,"column":9}},"type":"if","locations":[{"start":{"line":32,"column":8},"end":{"line":34,"column":9}},{"start":{"line":32,"column":8},"end":{"line":34,"column":9}}],"line":32},"9":{"loc":{"start":{"line":53,"column":19},"end":{"line":53,"column":46}},"type":"binary-expr","locations":[{"start":{"line":53,"column":19},"end":{"line":53,"column":22}},{"start":{"line":53,"column":26},"end":{"line":53,"column":46}}],"line":53},"10":{"loc":{"start":{"line":64,"col
[...]
olumn":25},"end":{"line":85,"column":21}}],"line":77},"15":{"loc":{"start":{"line":82,"column":25},"end":{"line":85,"column":21}},"type":"if","locations":[{"start":{"line":82,"column":25},"end":{"line":85,"column":21}},{"start":{"line":82,"column":25},"end":{"line":85,"column":21}}],"line":82},"16":{"loc":{"start":{"line":88,"column":16},"end":{"line":95,"column":17}},"type":"if","locations":[{"start":{"line":88,"column":16},"end":{"line":95,"column":17}},{"start":{"line":88,"column":16},"end":{"line":95,"column":17}}],"line":88},"17":{"loc":{"start":{"line":99,"column":12},"end":{"line":101,"column":13}},"type":"if","locations":[{"start":{"line":99,"column":12},"end":{"line":101,"column":13}},{"start":{"line":99,"column":12},"end":{"line":101,"column":13}}],"line":99},"18":{"loc":{"start":{"line":105,"column":23},"end":{"line":105,"column":32}},"type":"default-arg","locations":[{"start":{"line":105,"column":31},"end":{"line":105,"column":32}}],"line":105},"19":{"loc":{"start":{"line":108,"column":12},"end":{"line":111,"column":13}},"type":"if","locations":[{"start":{"line":108,"column":12},"end":{"line":111,"column":13}},{"start":{"line":108,"column":12},"end":{"line":111,"column":13}}],"line":108},"20":{"loc":{"start":{"line":113,"column":12},"end":{"line":115,"column":13}},"type":"if","locations":[{"start":{"line":113,"column":12},"end":{"line":115,"column":13}},{"start":{"line":113,"column":12},"end":{"line":115,"column":13}}],"line":113},"21":{"loc":{"start":{"line":117,"column":12},"end":{"line":123,"column":13}},"type":"if","locations":[{"start":{"line":117,"column":12},"end":{"line":123,"column":13}},{"start":{"line":117,"column":12},"end":{"line":123,"column":13}}],"line":117},"22":{"loc":{"start":{"line":117,"column":16},"end":{"line":117,"column":101}},"type":"binary-expr","locations":[{"start":{"line":117,"column":16},"end":{"line":117,"column":48}},{"start":{"line":117,"column":52},"end":{"line":117,"column":101}}],"line":117},"23":{"loc":{"start":{"line":120,"column":17},"end":{"line":123,"column":13}},"type":"if","locations":[{"start":{"line":120,"column":17},"end":{"line":123,"column":13}},{"start":{"line":120,"column":17},"end":{"line":123,"column":13}}],"line":120}},"s":{"0":1,"1":0,"2":0,"3":0,"4":0,"5":0,"6":0,"7":0,"8":0,"9":0,"10":0,"11":0,"12":1,"13":1,"14":1,"15":1,"16":1,"17":1,"18":1,"19":1,"20":1,"21":1,"22":1,"23":1,"24":0,"25":0,"26":0,"27":0,"28":0,"29":0,"30":0,"31":0,"32":0,"33":0,"34":0,"35":0,"36":0,"37":0,"38":0,"39":0,"40":0,"41":0,"42":0,"43":0,"44":0,"45":0,"46":0,"47":0,"48":0,"49":0,"50":0,"51":0,"52":0,"53":0,"54":0,"55":0,"56":0,"57":0,"58":0,"59":0,"60":0,"61":0,"62":0,"63":0,"64":0,"65":0,"66":0,"67":0,"68":0,"69":0,"70":0,"71":0,"72":0,"73":0,"74":0,"75":0,"76":1},"f":{"0":0,"1":0,"2":0,"3":0,"4":0,"5":0,"6":0,"7":0,"8":0,"9":0,"10":0,"11":0},"b":{"0":[1,1,1],"1":[0,0],"2":[0,0],"3":[0,0],"4":[0,0],"5":[0,0],"6":[0,0],"7":[0,0],"8":[0,0],"9":[0,0],"10":[0,0],"11":[0,0],"12":[0,0],"13":[0,0],"14":[0,0],"15":[0,0],"16":[0,0],"17":[0,0],"18":[0],"19":[0,0],"20":[0,0],"21":[0,0],"22":[0,0],"23":[0,0]},"_coverageSchema":"1a1c01bbd47fc00a2c39e90264f33305004495a9","hash":"313fdf6d6ba393a8b94f298f4addf64768406c02","contentHash":"c3b200a06997f7b389c841a3ec91279f543809464e8b979dcb76596adf87aab7"}
,"E:\\4learning-space\\2、typescript学习\\practice03\\cpay\\dist\\lib\\WechatPay\\nativePay.js": {"path":"E:\\4learning-space\\2、typescript学习\\practice03\\cpay\\dist\\lib\\WechatPay\\nativePay.js","statementMap":{"0":{"start":{"line":2,"column":16},"end":{"line":10,"column":1}},"1":{"start":{"line":3,"column":28},"end":{"line":3,"column":110}},"2":{"start":{"line":3,"column":91},"end":{"line":3,"column":106}},"3":{"start":{"line":4,"column":4},"end":{"line":9,"column":7}},"4":{"start":{"line":5,"column":36},"end":{"line":5,"column":97}},"5":{"start":{"line":5,"column":42},"end":{"line":5,"column":70}},"6":{"start":{"line":5,"column":85},"end":{"line":5,"column":95}},"7":{"start":{"line":6,"column":35},"end":{"line":6,"column":100}},"8":{"start":{"line":6,"column":41},"end":{"line":6,"column":73}},"9":{"start":{"line":6,"column":88},"end":{"line":6,"column":98}},"10":{"start":{"line":7,"column":32},"end":{"line":7,"column":116}},"11":{"start":{"line":8,"column":8},"end":{"line":8,"column":78}},"12":{"start":{"line":11,"column":0},"end":{"line":11,"column":62}},"13":{"start":{"line":12,"column":0},"end":{"line":12,"column":27}},"14":{"start":{"line":13,"column":13},"end":{"line":13,"column":35}},"15":{"start":{"line":14,"column":20},"end":{"line":14,"column":40}},"16":{"start":{"line":15,"column":19},"end":{"line":15,"column":38}},"17":{"start":{"line":16,"column":19},"end":{"line":16,"column":38}},"18":{"start":{"line":17,"column":19},"end":{"line":17,"column":48}},"19":{"start":{"line":18,"column":18},"end":{"line":18,"column":36}},"20":{"start":{"line":19,"column":18},"end":{"line":19,"column":38}},"21":{"start":{"line":21,"column":18},"end":{"line":21,"column":38}},"22":{"start":{"line":22,"column":17},"end":{"line":22,"column":30}},"23":{"start":{"line":23,"column":13},"end":{"line":23,"column":27}},"24":{"start":{"line":31,"column":8},"end":{"line":31,"column":16}},"25":{"start":{"line":32,"column":8},"end":{"line":32,"column":58}},"26":{"start":{"line":42,"column":8},"end":{"line":42,"column":61}},"27":{"start":{"line":43,"column":19},"end":{"line":43,"column":34}},"28":{"start":{"line":44,"column":8},"end":{"line":44,"column":55}},"29":{"start":{"line":45,"column":8},"end":{"line":45,"column":56}},"30":{"start":{"line":46,"column":8},"end":{"line":46,"column":66}},"31":{"start":{"line":47,"column":8},"end":{"line":47,"column":64}},"32":{"start":{"line":48,"column":8},"end":{"line":48,"column":47}},"33":{"start":{"line":49,"column":8},"end":{"line":49,"column":70}},"34":{"start":{"line":50,"column":18},"end":{"line":50,"column":52}},"35":{"start":{"line":51,"column":18},"end":{"line":51,"column":70}},"36":{"start":{"line":52,"column":8},"end":{"line":52,"column":42}},"37":{"start":{"line":53,"column":8},"end":{"line":53,"column":19}},"38":{"start":{"line":61,"column":8},"end":{"line":83,"column":11}},"39":{"start":{"line":62,"column":12},"end":{"line":62,"column":65}},"40":{"start":{"line":63,"column":23},"end":{"line":63,"column":38}},"41":{"start":{"line":63,"column":46},"end":{"line":63,"column":48}},"42":{"start":{"line":64,"column":12},"end":{"line":64,"column":55}},"43":{"start":{"line":65,"column":12},"end":{"line":65,"column":59}},"44":{"start":{"line":66,"column":12},"end":{"line":66,"column":73}},"45":{"start":{"line":67,"column":12},"end":{"line":67,"column":65}},"46":{"start":{"line":68,"column":12},"end":{"line":68,"column":89}},"47":{"start":{"line":69,"column":12},"end":{"line":69,"column":117}},"48":{"start":{"line":70,"column":12},"end":{"line":70,"column":65}},"49":{"start":{"line":71,"column":12},"end":{"line":71,"column":85}},"50":{"start":{"line":72,"column":12},"end":{"line":72,"column":51}},"51":{"start":{"line":73,"column":12},"end":{"line":75,"column":13}},"52":{"start":{"line":74,"column":16},"end":{"line":74,"column":49}},"53":{"start":{"line":76,"column":25},"end":{"line":76,"column":58}},"54":{"start":{"line":77,"column":12},"end":{"line":81,"column":13}},"55":{"start":{"line":78,"column":16},"end":{"line":78,"column":61}},"56":{"start":{"line":79,"column":16},"end":{"line":79,"column":66}},"57":{"start":{"line":80,"column":16},"end":{"line":80,"column":27}},"58":{"start":{"line":82,"column":12},"end":{"line":82,"column":79}},"59":{"start":{"line":86,"column":0},"end":{"line":86,"column":30}}},"fnMap":{"0":{"name":"(anonymous_0)","decl":{"start":{"line":2,"column":44},"end":{"line":2,"column":45}},"loc":{"start":{"line":2,"column":89},"end":{"line":10,"column":1}},"line":2},"1":{"name":"adopt","decl":{"start":{"line":3,"column":13},"end":{"line":3,"column":18}},"loc":{"start":{"line":3,"column":26},"end":{"line":3,"column":112}},"line":3},"2":{"name":"(anonymous_2)","decl":{"start":{"line":3,"column":70},"end":{"line":3,"column":71}},"loc":{"start":{"line":3,"column":89},"end":{"line":3,"column":108}},"line":3},"3":{"name":"(anonymous_3)","decl":{"start":{"line":4,"column":36},"end":{"line":4,"column":37}},"loc":{"start":{"line":4,"column":63},"end":{"line":9,"column":5}},"line":4},"4":{"name":"fulfilled","decl":{"start":{"line":5,"column":17},"end":{"line":5,"column":26}},"loc":{"start":{"line":5,"column":34},"end":{"line":5,"column":99}},"line":5},"5":{"name":"rejected","decl":{"start":{"line":6,"column":17},"end":{"line":6,"column":25}},"loc":{"start":{"line":6,"column":33},"end":{"line":6,"column":102}},"line":6},"6":{"name":"step","decl":{"start":{"line":7,"column":17},"end":{"line":7,"column":21}},"loc":{"start":{"line":7,"column":30},"end":{"line":7,"column":118}},"line":7},"7":{"name":"(anonymous_7)","decl":{"start":{"line":30,"column":4},"end":{"line":30,"column":5}},"loc":{"start":{"line":30,"column":18},"end":{"line":33,"column":5}},"line":30},"8":{"name":"(anonymous_8)","decl":{"start":{"line":41,"column":4},"end":{"line":41,"column":5}},"loc":{"start":{"line":41,"column":28},"end":{"line":54,"column":5}},"line":41},"9":{"name":"(anonymous_9)","decl":{"start":{"line":60,"column":4},"end":{"line":60,"column":5}},"loc":{"start":{"line":60,"column":34},"end":{"line":84,"column":5}},"line":60},"10":{"name":"(anonymous_10)","decl":{"start":{"line":61,"column":47},"end":{"line":61,"column":48}},"loc":{"start":{"line":61,"column":60},"end":{"line":83,"column":9}},"line":61}},"branchMap":{"0":{"loc":{"start":{"line":2,"column":16},"end":{"line":10,"column":1}},"type":"binary-expr","locations":[{"start":{"line":2,"column":17},"end":{"line":2,"column":21}},{"start":{"line":2,"column":25},"end":{"line":2,"column":39}},{"start":{"line":2,"column":44},"end":{"line":10,"column":1}}],"line":2},"1":{"loc":{"start":{"line":3,"column":35},"end":{"line":3,"column":109}},"type":"cond-expr","locations":[{"start":{"line":3,"column":56},"end":{"line":3,"column":61}},{"start":{"line":3,"column":64},"end":{"line":3,"column":109}}],"line":3},"2":{"loc":{"start":{"line":4,"column":16},"end":{"line":4,"column":34}},"type":"binary-expr","locations":[{"start":{"line":4,"column":16},"end":{"line":4,"column":17}},{"start":{"line":4,"column":22},"end":{"line":4,"column":33}}],"line":4},"3":{"loc":{"start":{"line":7,"column":32},"end":{"line":7,"column":115}},"type":"cond-expr","locations":[{"start":{"line":7,"column":46},"end":{"line":7,"column":67}},{"start":{"line":7,"column":70},"end":{"line":7,"column":115}}],"line":7},"4":{"loc":{"start":{"line":8,"column":51},"end":{"line":8,"column":67}},"type":"binary-expr","locations":[{"start":{"line":8,"column":51},"end":{"line":8,"column":61}},{"start":{"line":8,"column":65},"end":{"line":8,"column":67}}],"line":8},"5":{"loc":{"start":{"line":77,"column":12},"end":{"line":81,"column":13}},"type":"if","locations":[{"start":{"line":77,"column":12},"end":{"line":81,"column":13}},{"start":{"line":77,"column":12},"end":{"line":81,"column":13}}],"line":77},"6":{"loc":{"start":{"line":82,"column":19},"end":{"line":82,"column":78}},"type":"binary-expr","locations":[{"start":{"line":82,"column":19},"end":{"line":82,"column":45}},{"start":{"line":82,"column":49},"end":{"line":82,"column":78}}],"line":82}},"s":{"0":1,"1":0,"2":0,"3":0,"4":0,"5":0,"6":0,"7":0,"8":0,"9":0,"10":0,"11":0,"12":1,"13":1,"14":1,"15":1,"16":1,"17":1,"18":1,"19":1,"20":1,"21":1,"22":1,"23":1,"24":0,"25":0,"26":0,"27":0,"28":0,"29":0,"30":0,"31":0,"32":0,"33":0,"34":0,"35":0,"36":0,"37":0,"38":0,"39":0,"40":0,"41":0,"42":0,"43":0,"44":0,"45":0,"46":0,"47":0,"48":0,"49":0,"50":0,"51":0,"52":0,"53":0,"54":0,"55":0,"56":0,"57":0,"58":0,"59":1},"f":{"0":0,"1":0,"2":0,"3":0,"4":0,"5":0,"6":0,"7":0,"8":0,"9":0,"10":0},"b":{"0":[1,1,1],"1":[0,0],"2":[0,0],"3":[0,0],"4":[0,0],"5":[0,0],"6":[0,0]},"_coverageSchema":"1a1c01bbd47fc00a2c39e90264f33305004495a9","hash":"dccad37e52d6ff2cacf7b02b741b956300b7bb7a","contentHash":"c8dfe8456cab599186b5cef11f04e6455d075a20354275a47e6b9a1291315e69"}
,"E:\\4learning-space\\2、typescript学习\\practice03\\cpay\\dist\\lib\\WechatPay\\wxaPay.js": {"path":"E:\\4learning-space\\2、typescript学习\\practice03\\cpay\\dist\\lib\\WechatPay\\wxaPay.js","statementMap":{"0":{"start":{"line":2,"column":16},"end":{"line":10,"column":1}},"1":{"start":{"line":3,"column":28},"end":{"line":3,"column":110}},"2":{"start":{"line":3,"column":91},"end":{"line":3,"column":106}},"3":{"start":{"line":4,"column":4},"end":{"line":9,"column":7}},"4":{"start":{"line":5,"column":36},"end":{"line":5,"column":97}},"5":{"start":{"line":5,"column":42},"end":{"line":5,"column":70}},"6":{"start":{"line":5,"column":85},"end":{"line":5,"column":95}},"7":{"start":{"line":6,"column":35},"end":{"line":6,"column":100}},"8":{"start":{"line":6,"column":41},"end":{"line":6,"column":73}},"9":{"start":{"line":6,"column":88},"end":{"line":6,"column":98}},"10":{"start":{"line":7,"column":32},"end":{"line":7,"column":116}},"11":{"start":{"line":8,"column":8},"end":{"line":8,"column":78}},"12":{"start":{"line":11,"column":0},"end":{"line":11,"column":62}},"13":{"start":{"line":12,"column":0},"end":{"line":12,"column":24}},"14":{"start":{"line":13,"column":13},"end":{"line":13,"column":35}},"15":{"start":{"line":14,"column":20},"end":{"line":14,"column":40}},"16":{"start":{"line":15,"column":23},"end":{"line":15,"column":61}},"17":{"start":{"line":16,"column":19},"end":{"line":16,"column":38}},"18":{"start":{"line":17,"column":19},"end":{"line":17,"column":48}},"19":{"start":{"line":18,"column":18},"end":{"line":18,"column":36}},"20":{"start":{"line":19,"column":18},"end":{"line":19,"column":38}},"21":{"start":{"line":20,"column":18},"end":{"line":20,"column":38}},"22":{"start":{"line":21,"column":17},"end":{"line":21,"column":30}},"23":{"start":{"line":22,"column":13},"end":{"line":22,"column":27}},"24":{"start":{"line":23,"column":23},"end":{"line":23,"column":52}},"25":{"start":{"line":24,"column":15},"end":{"line":24,"column":50}},"26":{"start":{"line":33,"column":8},"end":{"line":33,"column":16}},"27":{"start":{"line":45,"column":8},"end":{"line":62,"column":11}},"28":{"start":{"line":46,"column":22},"end":{"line":46,"column":48}},"29":{"start":{"line":46,"column":66},"end":{"line":46,"column":95}},"30":{"start":{"line":47,"column":12},"end":{"line":47,"column":83}},"31":{"start":{"line":48,"column":12},"end":{"line":48,"column":55}},"32":{"start":{"line":49,"column":12},"end":{"line":49,"column":54}},"33":{"start":{"line":50,"column":12},"end":{"line":50,"column":64}},"34":{"start":{"line":51,"column":12},"end":{"line":51,"column":43}},"35":{"start":{"line":52,"column":12},"end":{"line":54,"column":13}},"36":{"start":{"line":53,"column":16},"end":{"line":53,"column":48}},"37":{"start":{"line":55,"column":25},"end":{"line":55,"column":57}},"38":{"start":{"line":56,"column":12},"end":{"line":56,"column":45}},"39":{"start":{"line":57,"column":12},"end":{"line":57,"column":40}},"40":{"start":{"line":58,"column":12},"end":{"line":58,"column":75}},"41":{"start":{"line":59,"column":12},"end":{"line":59,"column":66}},"42":{"start":{"line":60,"column":12},"end":{"line":60,"column":75}},"43":{"start":{"line":61,"column":12},"end":{"line":61,"column":33}},"44":{"start":{"line":70,"column":8},"end":{"line":70,"column":66}},"45":{"start":{"line":71,"column":23},"end":{"line":71,"column":38}},"46":{"start":{"line":72,"column":8},"end":{"line":72,"column":69}},"47":{"start":{"line":73,"column":8},"end":{"line":73,"column":67}},"48":{"start":{"line":74,"column":8},"end":{"line":74,"column":99}},"49":{"start":{"line":75,"column":8},"end":{"line":75,"column":71}},"50":{"start":{"line":76,"column":8},"end":{"line":76,"column":58}},"51":{"start":{"line":77,"column":20},"end":{"line":77,"column":37}},"52":{"start":{"line":78,"column":8},"end":{"line":78,"column":51}},"53":{"start":{"line":79,"column":8},"end":{"line":79,"column":27}},"54":{"start":{"line":80,"column":8},"end":{"line":80,"column":21}},"55":{"start":{"line":83,"column":0},"end":{"line":83,"column":24}}},"fnMap":{"0":{"name":"(anonymous_0)","decl":{"start":{"line":2,"column":44},"end":{"line":2,"column":45}},"loc":{"start":{"line":2,"column":89},"end":{"line":10,"column":1}},"line":2},"1":{"name":"adopt","decl":{"start":{"line":3,"column":13},"end":{"line":3,"column":18}},"loc":{"start":{"line":3,"column":26},"end":{"line":3,"column":112}},"line":3},"2":{"name":"(anonymous_2)","decl":{"start":{"line":3,"column":70},"end":{"line":3,"column":71}},"loc":{"start":{"line":3,"column":89},"end":{"line":3,"column":108}},"line":3},"3":{"name":"(anonymous_3)","decl":{"start":{"line":4,"column":36},"end":{"line":4,"column":37}},"loc":{"start":{"line":4,"column":63},"end":{"line":9,"column":5}},"line":4},"4":{"name":"fulfilled","decl":{"start":{"line":5,"column":17},"end":{"line":5,"column":26}},"loc":{"start":{"line":5,"column":34},"end":{"line":5,"column":99}},"line":5},"5":{"name":"rejected","decl":{"start":{"line":6,"column":17},"end":{"line":6,"column":25}},"loc":{"start":{"line":6,"column":33},"end":{"line":6,"column":102}},"line":6},"6":{"name":"step","decl":{"start":{"line":7,"column":17},"end":{"line":7,"column":21}},"loc":{"start":{"line":7,"column":30},"end":{"line":7,"column":118}},"line":7},"7":{"name":"(anonymous_7)","decl":{"start":{"line":32,"column":4},"end":{"line":32,"column":5}},"loc":{"start":{"line":32,"column":18},"end":{"line":34,"column":5}},"line":32},"8":{"name":"(anonymous_8)","decl":{"start":{"line":44,"column":4},"end":{"line":44,"column":5}},"loc":{"start":{"line":44,"column":48},"end":{"line":63,"column":5}},"line":44},"9":{"name":"(anonymous_9)","decl":{"start":{"line":45,"column":47},"end":{"line":45,"column":48}},"loc":{"start":{"line":45,"column":60},"end":{"line":62,"column":9}},"line":45},"10":{"name":"(anonymous_10)","decl":{"start":{"line":69,"column":4},"end":{"line":69,"column":5}},"loc":{"start":{"line":69,"column":29},"end":{"line":81,"column":5}},"line":69}},"branchMap":{"0":{"loc":{"start":{"line":2,"column":16},"end":{"line":10,"column":1}},"type":"binary-expr","locations":[{"start":{"line":2,"column":17},"end":{"line":2,"column":21}},{"start":{"line":2,"column":25},"end":{"line":2,"column":39}},{"start":{"line":2,"column":44},"end":{"line":10,"column":1}}],"line":2},"1":{"loc":{"start":{"line":3,"column":35},"end":{"line":3,"column":109}},"type":"cond-expr","locations":[{"start":{"line":3,"column":56},"end":{"line":3,"column":61}},{"start":{"line":3,"column":64},"end":{"line":3,"column":109}}],"line":3},"2":{"loc":{"start":{"line":4,"column":16},"end":{"line":4,"column":34}},"type":"binary-expr","locations":[{"start":{"line":4,"column":16},"end":{"line":4,"column":17}},{"start":{"line":4,"column":22},"end":{"line":4,"column":33}}],"line":4},"3":{"loc":{"start":{"line":7,"column":32},"end":{"line":7,"column":115}},"type":"cond-expr","locations":[{"start":{"line":7,"column":46},"end":{"line":7,"column":67}},{"start":{"line":7,"column":70},"end":{"line":7,"column":115}}],"line":7},"4":{"loc":{"start":{"line":8,"column":51},"end":{"line":8,"column":67}},"type":"binary-expr","locations":[{"start":{"line":8,"column":51},"end":{"line":8,"column":61}},{"start":{"line":8,"column":65},"end":{"line":8,"column":67}}],"line":8}},"s":{"0":1,"1":0,"2":0,"3":0,"4":0,"5":0,"6":0,"7":0,"8":0,"9":0,"10":0,"11":0,"12":1,"13":1,"14":1,"15":1,"16":1,"17":1,"18":1,"19":1,"20":1,"21":1,"22":1,"23":1,"24":1,"25":1,"26":0,"27":0,"28":0,"29":0,"30":0,"31":0,"32":0,"33":0,"34":0,"35":0,"36":0,"37":0,"38":0,"39":0,"40":0,"41":0,"42":0,"43":0,"44":0,"45":0,"46":0,"47":0,"48":0,"49":0,"50":0,"51":0,"52":0,"53":0,"54":0,"55":1},"f":{"0":0,"1":0,"2":0,"3":0,"4":0,"5":0,"6":0,"7":0,"8":0,"9":0,"10":0},"b":{"0":[1,1,1],"1":[0,0],"2":[0,0],"3":[0,0],"4":[0,0]},"_coverageSchema":"1a1c01bbd47fc00a2c39e90264f33305004495a9","hash":"cfdc83847a0bfb2667e6bb47acbc2f044f2d5084","contentHash":"d65621b55615f762c0f509b5d2007beacc4557a9a2a67e1d6efb1df35fcaf5b3"}
}
